Build started 7/26/2010 1:14:25 PM.
     1>Project "C:\Users\skinny\projects\lightspark\llvm\lib\Linker\LLVMLinker.vcxproj" on node 3 (build target(s)).
     1>InitializeBuildStatus:
         Creating "LLVMLinker.dir\Debug\LLVMLinker.unsuccessfulbuild" because "AlwaysCreate" was specified.
       CustomBuild:
         Building Custom Rule C:/Users/skinny/projects/lightspark/llvm/lib/Linker/CMakeLists.txt
         CMake does not need to re-run because C:\Users\skinny\projects\lightspark\llvm\lib\Linker\CMakeFiles\generate.stamp is up-to-date.
       ClCompile:
         C:\Program Files\Microsoft Visual Studio 10.0\VC\bin\CL.exe /c /IC:/Users/skinny/projects/lightspark/llvm/include /Zi /nologo /W3 /WX- /Od /Ob0 /Oy- /D WIN32 /D _WINDOWS /D _DEBUG /D __STDC_LIMIT_MACROS /D __STDC_CONSTANT_MACROS /D _CRT_SECURE_NO_DEPRECATE /D _CRT_SECURE_NO_WARNINGS /D _SCL_SECURE_NO_WARNINGS /D CRT_NONSTDC_NO_WARNINGS /D _SCL_SECURE_NO_DEPRECATE /D "CMAKE_INTDIR=\"Debug\"" /D _MBCS /Gm- /EHsc /RTC1 /MDd /GS /fp:precise /Zc:wchar_t /Zc:forScope /GR /Fo"LLVMLinker.dir\Debug\\" /Fd"C:/Users/skinny/projects/lightspark/llvm/lib/Debug/LLVMLinker.pdb" /Gd /TP /wd4146 /wd4503 /wd4996 /wd4800 /wd4244 /wd4624 /wd4355 /wd4715 /wd4180 /wd4345 /wd4224 /wd4351 /analyze- /errorReport:prompt LinkArchives.cpp LinkItems.cpp LinkModules.cpp Linker.cpp  /Zm1000 
         LinkArchives.cpp
         LinkItems.cpp
         LinkModules.cpp
         Linker.cpp
         Generating Code...
       Lib:
         C:\Program Files\Microsoft Visual Studio 10.0\VC\bin\Lib.exe /OUT:"C:\Users\skinny\projects\lightspark\llvm\lib\Debug\LLVMLinker.lib" /NOLOGO LLVMLinker.dir\Debug\LinkArchives.obj
         LLVMLinker.dir\Debug\LinkItems.obj
         LLVMLinker.dir\Debug\LinkModules.obj
         LLVMLinker.dir\Debug\Linker.obj
         LLVMLinker.vcxproj -> C:\Users\skinny\projects\lightspark\llvm\lib\Debug\LLVMLinker.lib
       FinalizeBuildStatus:
         Deleting file "LLVMLinker.dir\Debug\LLVMLinker.unsuccessfulbuild".
         Touching "LLVMLinker.dir\Debug\LLVMLinker.lastbuildstate".
     1>Done Building Project "C:\Users\skinny\projects\lightspark\llvm\lib\Linker\LLVMLinker.vcxproj" (build target(s)).

Build succeeded.

Time Elapsed 00:00:04.59
