Build started 7/26/2010 1:15:28 PM.
     1>Project "C:\Users\skinny\projects\lightspark\llvm\lib\Target\LLVMTarget.vcxproj" on node 2 (build target(s)).
     1>InitializeBuildStatus:
         Creating "LLVMTarget.dir\Debug\LLVMTarget.unsuccessfulbuild" because "AlwaysCreate" was specified.
       CustomBuild:
         Building Custom Rule C:/Users/skinny/projects/lightspark/llvm/lib/Target/CMakeLists.txt
         CMake does not need to re-run because C:\Users\skinny\projects\lightspark\llvm\lib\Target\CMakeFiles\generate.stamp is up-to-date.
       ClCompile:
         C:\Program Files\Microsoft Visual Studio 10.0\VC\bin\CL.exe /c /IC:/Users/skinny/projects/lightspark/llvm/include /Zi /nologo /W3 /WX- /Od /Ob0 /Oy- /D WIN32 /D _WINDOWS /D _DEBUG /D __STDC_LIMIT_MACROS /D __STDC_CONSTANT_MACROS /D _CRT_SECURE_NO_DEPRECATE /D _CRT_SECURE_NO_WARNINGS /D _SCL_SECURE_NO_WARNINGS /D CRT_NONSTDC_NO_WARNINGS /D _SCL_SECURE_NO_DEPRECATE /D "CMAKE_INTDIR=\"Debug\"" /D _MBCS /Gm- /EHsc /RTC1 /MDd /GS /fp:precise /Zc:wchar_t /Zc:forScope /GR /Fo"LLVMTarget.dir\Debug\\" /Fd"C:/Users/skinny/projects/lightspark/llvm/lib/Debug/LLVMTarget.pdb" /Gd /TP /wd4146 /wd4503 /wd4996 /wd4800 /wd4244 /wd4624 /wd4355 /wd4715 /wd4180 /wd4345 /wd4224 /wd4351 /analyze- /errorReport:prompt Mangler.cpp SubtargetFeature.cpp Target.cpp TargetAsmLexer.cpp TargetData.cpp TargetELFWriterInfo.cpp TargetFrameInfo.cpp TargetInstrInfo.cpp TargetIntrinsicInfo.cpp TargetLoweringObjectFile.cpp TargetMachine.cpp TargetRegisterInfo.cpp TargetSubtarget.cpp  /Zm1000 
         Mangler.cpp
         SubtargetFeature.cpp
         Target.cpp
         TargetAsmLexer.cpp
         TargetData.cpp
         TargetELFWriterInfo.cpp
         TargetFrameInfo.cpp
         TargetInstrInfo.cpp
         TargetIntrinsicInfo.cpp
         TargetLoweringObjectFile.cpp
         TargetMachine.cpp
         TargetRegisterInfo.cpp
         TargetSubtarget.cpp
         Generating Code...
       Lib:
         C:\Program Files\Microsoft Visual Studio 10.0\VC\bin\Lib.exe /OUT:"C:\Users\skinny\projects\lightspark\llvm\lib\Debug\LLVMTarget.lib" /NOLOGO LLVMTarget.dir\Debug\Mangler.obj
         LLVMTarget.dir\Debug\SubtargetFeature.obj
         LLVMTarget.dir\Debug\Target.obj
         LLVMTarget.dir\Debug\TargetAsmLexer.obj
         LLVMTarget.dir\Debug\TargetData.obj
         LLVMTarget.dir\Debug\TargetELFWriterInfo.obj
         LLVMTarget.dir\Debug\TargetFrameInfo.obj
         LLVMTarget.dir\Debug\TargetInstrInfo.obj
         LLVMTarget.dir\Debug\TargetIntrinsicInfo.obj
         LLVMTarget.dir\Debug\TargetLoweringObjectFile.obj
         LLVMTarget.dir\Debug\TargetMachine.obj
         LLVMTarget.dir\Debug\TargetRegisterInfo.obj
         LLVMTarget.dir\Debug\TargetSubtarget.obj
         LLVMTarget.vcxproj -> C:\Users\skinny\projects\lightspark\llvm\lib\Debug\LLVMTarget.lib
       FinalizeBuildStatus:
         Deleting file "LLVMTarget.dir\Debug\LLVMTarget.unsuccessfulbuild".
         Touching "LLVMTarget.dir\Debug\LLVMTarget.lastbuildstate".
     1>Done Building Project "C:\Users\skinny\projects\lightspark\llvm\lib\Target\LLVMTarget.vcxproj" (build target(s)).

Build succeeded.

Time Elapsed 00:00:10.39
