Build started 7/26/2010 12:03:53 PM.
     1>Project "C:\Users\skinny\projects\lightspark\llvm\win32\examples\HowToUseJIT\HowToUseJIT.vcxproj" on node 3 (build target(s)).
     1>C:\Windows\Microsoft.NET\Framework\v4.0.30319\Microsoft.Common.Targets(1200,9): warning : The referenced project 'C:/Users/skinny/projects/lightspark/lib/llvm-2.7/win32/lib/System/LLVMSystem.vcxproj' does not exist.
     1>C:\Windows\Microsoft.NET\Framework\v4.0.30319\Microsoft.Common.Targets(1200,9): warning : The referenced project 'C:/Users/skinny/projects/lightspark/lib/llvm-2.7/win32/include/llvm/intrinsics_gen.vcxproj' does not exist.
     1>C:\Windows\Microsoft.NET\Framework\v4.0.30319\Microsoft.Common.Targets(1200,9): warning : The referenced project 'C:/Users/skinny/projects/lightspark/lib/llvm-2.7/win32/lib/VMCore/LLVMCore.vcxproj' does not exist.
     1>C:\Windows\Microsoft.NET\Framework\v4.0.30319\Microsoft.Common.Targets(1200,9): warning : The referenced project 'C:/Users/skinny/projects/lightspark/lib/llvm-2.7/win32/lib/CodeGen/LLVMCodeGen.vcxproj' does not exist.
     1>C:\Windows\Microsoft.NET\Framework\v4.0.30319\Microsoft.Common.Targets(1200,9): warning : The referenced project 'C:/Users/skinny/projects/lightspark/lib/llvm-2.7/win32/lib/CodeGen/SelectionDAG/LLVMSelectionDAG.vcxproj' does not exist.
     1>C:\Windows\Microsoft.NET\Framework\v4.0.30319\Microsoft.Common.Targets(1200,9): warning : The referenced project 'C:/Users/skinny/projects/lightspark/lib/llvm-2.7/win32/lib/CodeGen/AsmPrinter/LLVMAsmPrinter.vcxproj' does not exist.
     1>C:\Windows\Microsoft.NET\Framework\v4.0.30319\Microsoft.Common.Targets(1200,9): warning : The referenced project 'C:/Users/skinny/projects/lightspark/lib/llvm-2.7/win32/lib/Transforms/Utils/LLVMTransformUtils.vcxproj' does not exist.
     1>C:\Windows\Microsoft.NET\Framework\v4.0.30319\Microsoft.Common.Targets(1200,9): warning : The referenced project 'C:/Users/skinny/projects/lightspark/lib/llvm-2.7/win32/lib/Transforms/InstCombine/LLVMInstCombine.vcxproj' does not exist.
     1>C:\Windows\Microsoft.NET\Framework\v4.0.30319\Microsoft.Common.Targets(1200,9): warning : The referenced project 'C:/Users/skinny/projects/lightspark/lib/llvm-2.7/win32/lib/Transforms/Scalar/LLVMScalarOpts.vcxproj' does not exist.
     1>C:\Windows\Microsoft.NET\Framework\v4.0.30319\Microsoft.Common.Targets(1200,9): warning : The referenced project 'C:/Users/skinny/projects/lightspark/lib/llvm-2.7/win32/lib/Support/LLVMSupport.vcxproj' does not exist.
     1>C:\Windows\Microsoft.NET\Framework\v4.0.30319\Microsoft.Common.Targets(1200,9): warning : The referenced project 'C:/Users/skinny/projects/lightspark/lib/llvm-2.7/win32/lib/Analysis/LLVMAnalysis.vcxproj' does not exist.
     1>C:\Windows\Microsoft.NET\Framework\v4.0.30319\Microsoft.Common.Targets(1200,9): warning : The referenced project 'C:/Users/skinny/projects/lightspark/lib/llvm-2.7/win32/lib/Analysis/IPA/LLVMipa.vcxproj' does not exist.
     1>C:\Windows\Microsoft.NET\Framework\v4.0.30319\Microsoft.Common.Targets(1200,9): warning : The referenced project 'C:/Users/skinny/projects/lightspark/lib/llvm-2.7/win32/lib/MC/LLVMMC.vcxproj' does not exist.
     1>C:\Windows\Microsoft.NET\Framework\v4.0.30319\Microsoft.Common.Targets(1200,9): warning : The referenced project 'C:/Users/skinny/projects/lightspark/lib/llvm-2.7/win32/lib/Target/X86/LLVMX86CodeGen.vcxproj' does not exist.
     1>C:\Windows\Microsoft.NET\Framework\v4.0.30319\Microsoft.Common.Targets(1200,9): warning : The referenced project 'C:/Users/skinny/projects/lightspark/lib/llvm-2.7/win32/lib/Target/X86/TargetInfo/LLVMX86Info.vcxproj' does not exist.
     1>C:\Windows\Microsoft.NET\Framework\v4.0.30319\Microsoft.Common.Targets(1200,9): warning : The referenced project 'C:/Users/skinny/projects/lightspark/lib/llvm-2.7/win32/lib/ExecutionEngine/LLVMExecutionEngine.vcxproj' does not exist.
     1>C:\Windows\Microsoft.NET\Framework\v4.0.30319\Microsoft.Common.Targets(1200,9): warning : The referenced project 'C:/Users/skinny/projects/lightspark/lib/llvm-2.7/win32/lib/ExecutionEngine/Interpreter/LLVMInterpreter.vcxproj' does not exist.
     1>C:\Windows\Microsoft.NET\Framework\v4.0.30319\Microsoft.Common.Targets(1200,9): warning : The referenced project 'C:/Users/skinny/projects/lightspark/lib/llvm-2.7/win32/lib/ExecutionEngine/JIT/LLVMJIT.vcxproj' does not exist.
     1>C:\Windows\Microsoft.NET\Framework\v4.0.30319\Microsoft.Common.Targets(1200,9): warning : The referenced project 'C:/Users/skinny/projects/lightspark/lib/llvm-2.7/win32/lib/Target/LLVMTarget.vcxproj' does not exist.
     1>C:\Windows\Microsoft.NET\Framework\v4.0.30319\Microsoft.Common.Targets(1200,9): warning : The referenced project 'C:/Users/skinny/projects/lightspark/lib/llvm-2.7/win32/ZERO_CHECK.vcxproj' does not exist.
     1>InitializeBuildStatus:
         Touching "HowToUseJIT.dir\Debug\HowToUseJIT.unsuccessfulbuild".
     1>CUSTOMBUILD : CMake error : The source directory "C:/Users/skinny/projects/lightspark/lib/llvm-2.7" does not appear to contain CMakeLists.txt.
         Specify --help for usage, or press the help button on the CMake GUI.
         Building Custom Rule C:/Users/skinny/projects/lightspark/lib/llvm-2.7/examples/HowToUseJIT/CMakeLists.txt
         CMake is re-running because C:\Users\skinny\projects\lightspark\lib\llvm-2.7\win32\examples\HowToUseJIT\CMakeFiles\generate.stamp dependency file is missing.
         The system cannot find the batch label specified - VCReportError
     1>Done Building Project "C:\Users\skinny\projects\lightspark\llvm\win32\examples\HowToUseJIT\HowToUseJIT.vcxproj" (build target(s)) -- FAILED.

Build FAILED.

Time Elapsed 00:00:00.10
