Build started 8/3/2010 4:54:55 PM.
     1>Project "C:\Users\skinny\projects\lightspark\zlib-1.2.5\contrib\vstudio\vc10\zlibvc.vcxproj" on node 2 (build target(s)).
     1>InitializeBuildStatus:
         Touching "x86\ZlibDllDebug\Tmp\zlibvc.unsuccessfulbuild".
       ClCompile:
         All outputs are up-to-date.
       ResourceCompile:
         All outputs are up-to-date.
     1>C:\Program Files\MSBuild\Microsoft.Cpp\v4.0\Microsoft.CppBuild.targets(990,5): warning MSB8012: TargetPath(C:\Users\skinny\projects\lightspark\zlib-1.2.5\contrib\vstudio\vc10\x86\ZlibDllDebug\zlibvc.dll) does not match the Linker's OutputFile property value (C:\Users\skinny\projects\lightspark\zlib-1.2.5\contrib\vstudio\vc10\x86\ZlibDllDebug\zlibwapi.dll). This may cause your project to build incorrectly. To correct this, please make sure that $(OutDir), $(TargetName) and $(TargetExt) property values match the value specified in %(Link.OutputFile).
     1>C:\Program Files\MSBuild\Microsoft.Cpp\v4.0\Microsoft.CppBuild.targets(992,5): warning MSB8012: TargetName(zlibvc) does not match the Linker's OutputFile property value (zlibwapi). This may cause your project to build incorrectly. To correct this, please make sure that $(OutDir), $(TargetName) and $(TargetExt) property values match the value specified in %(Link.OutputFile).
       Link:
         C:\Program Files\Microsoft Visual Studio 10.0\VC\bin\link.exe /ERRORREPORT:PROMPT /OUT:"x86\ZlibDllDebug\zlibwapi.dll" /INCREMENTAL /NOLOGO ..\..\masmx86\match686.obj ..\..\masmx86\inffas32.obj kernel32.lib user32.lib gdi32.lib winspool.lib comdlg32.lib advapi32.lib shell32.lib ole32.lib oleaut32.lib uuid.lib odbc32.lib odbccp32.lib /DEF:".\zlibvc.def" /MANIFEST:NO /DEBUG /PDB:"x86\ZlibDllDebug\zlibwapi.pdb" /MAP:"x86\ZlibDllDebug\zlibwapi.map" /SUBSYSTEM:WINDOWS /TLBID:1 /DYNAMICBASE:NO /IMPLIB:"x86\ZlibDllDebug\zlibwapi.lib" /MACHINE:X86 /DLL x86\ZlibDllDebug\Tmp\zlib.res
         x86\ZlibDllDebug\Tmp\adler32.obj
         x86\ZlibDllDebug\Tmp\compress.obj
         x86\ZlibDllDebug\Tmp\crc32.obj
         x86\ZlibDllDebug\Tmp\deflate.obj
         x86\ZlibDllDebug\Tmp\gzclose.obj
         x86\ZlibDllDebug\Tmp\gzlib.obj
         x86\ZlibDllDebug\Tmp\gzread.obj
         x86\ZlibDllDebug\Tmp\gzwrite.obj
         x86\ZlibDllDebug\Tmp\infback.obj
         x86\ZlibDllDebug\Tmp\inffast.obj
         x86\ZlibDllDebug\Tmp\inflate.obj
         x86\ZlibDllDebug\Tmp\inftrees.obj
         x86\ZlibDllDebug\Tmp\ioapi.obj
         x86\ZlibDllDebug\Tmp\iowin32.obj
         x86\ZlibDllDebug\Tmp\trees.obj
         x86\ZlibDllDebug\Tmp\uncompr.obj
         x86\ZlibDllDebug\Tmp\unzip.obj
         x86\ZlibDllDebug\Tmp\zip.obj
         x86\ZlibDllDebug\Tmp\zutil.obj /MACHINE:I386 
     1>LINK : fatal error LNK1104: cannot open file '..\..\masmx86\match686.obj'
     1>Done Building Project "C:\Users\skinny\projects\lightspark\zlib-1.2.5\contrib\vstudio\vc10\zlibvc.vcxproj" (build target(s)) -- FAILED.

Build FAILED.

Time Elapsed 00:00:00.15
