Build started 7/26/2010 1:39:56 PM.
     1>Project "C:\Users\skinny\projects\lightspark\llvm\tools\lli\lli.vcxproj" on node 2 (build target(s)).
     1>InitializeBuildStatus:
         Touching "lli.dir\Debug\lli.unsuccessfulbuild".
       CustomBuild:
         All outputs are up-to-date.
       ClCompile:
         All outputs are up-to-date.
       ManifestResourceCompile:
         All outputs are up-to-date.
       Link:
         C:\Program Files\Microsoft Visual Studio 10.0\VC\bin\link.exe /ERRORREPORT:PROMPT /OUT:"C:\Users\skinny\projects\lightspark\llvm\bin\Debug\lli.exe" /VERSION:"0.0" /INCREMENTAL /NOLOGO kernel32.lib user32.lib gdi32.lib winspool.lib shell32.lib ole32.lib oleaut32.lib uuid.lib comdlg32.lib advapi32.lib ..\..\lib\Debug\LLVMJIT.lib ..\..\lib\Debug\LLVMInterpreter.lib ..\..\lib\Debug\LLVMX86CodeGen.lib ..\..\lib\Debug\LLVMBitReader.lib ..\..\lib\Debug\LLVMExecutionEngine.lib ..\..\lib\Debug\LLVMSelectionDAG.lib ..\..\lib\Debug\LLVMX86Info.lib ..\..\lib\Debug\LLVMAsmPrinter.lib ..\..\lib\Debug\LLVMCodeGen.lib ..\..\lib\Debug\LLVMScalarOpts.lib ..\..\lib\Debug\LLVMInstCombine.lib ..\..\lib\Debug\LLVMTransformUtils.lib ..\..\lib\Debug\LLVMipa.lib ..\..\lib\Debug\LLVMAnalysis.lib ..\..\lib\Debug\LLVMTarget.lib ..\..\lib\Debug\LLVMCore.lib ..\..\lib\Debug\LLVMMC.lib ..\..\lib\Debug\LLVMSupport.lib ..\..\lib\Debug\LLVMSystem.lib /MANIFEST /ManifestFile:"lli.dir\Debug\lli.exe.intermediate.manifest" /MANIFESTUAC:"level='asInvoker' uiAccess='false'" /DEBUG /PDB:"C:\Users\skinny\projects\lightspark\llvm\bin\Debug\lli.pdb" /SUBSYSTEM:CONSOLE /STACK:"10000000" /TLBID:1 /DYNAMICBASE /NXCOMPAT /IMPLIB:"C:/Users/skinny/projects/lightspark/llvm/lib/Debug/lli.lib" /MACHINE:X86 lli.dir\Debug\lli.exe.embed.manifest.res
         lli.dir\Debug\lli.obj  /machine:X86 /debug 
            Creating library C:/Users/skinny/projects/lightspark/llvm/lib/Debug/lli.lib and object C:/Users/skinny/projects/lightspark/llvm/lib/Debug/lli.exp
       Manifest:
         C:\Program Files\Microsoft SDKs\Windows\v7.0A\bin\mt.exe /nologo /verbose /out:"lli.dir\Debug\lli.exe.embed.manifest" /manifest lli.dir\Debug\lli.exe.intermediate.manifest
         C:\Program Files\Microsoft SDKs\Windows\v7.0A\bin\rc.exe /nologo /fo"lli.dir\Debug\lli.exe.embed.manifest.res" lli.dir\Debug\lli_manifest.rc 
       LinkEmbedManifest:
         C:\Program Files\Microsoft Visual Studio 10.0\VC\bin\link.exe /ERRORREPORT:PROMPT /OUT:"C:\Users\skinny\projects\lightspark\llvm\bin\Debug\lli.exe" /VERSION:"0.0" /INCREMENTAL /NOLOGO kernel32.lib user32.lib gdi32.lib winspool.lib shell32.lib ole32.lib oleaut32.lib uuid.lib comdlg32.lib advapi32.lib ..\..\lib\Debug\LLVMJIT.lib ..\..\lib\Debug\LLVMInterpreter.lib ..\..\lib\Debug\LLVMX86CodeGen.lib ..\..\lib\Debug\LLVMBitReader.lib ..\..\lib\Debug\LLVMExecutionEngine.lib ..\..\lib\Debug\LLVMSelectionDAG.lib ..\..\lib\Debug\LLVMX86Info.lib ..\..\lib\Debug\LLVMAsmPrinter.lib ..\..\lib\Debug\LLVMCodeGen.lib ..\..\lib\Debug\LLVMScalarOpts.lib ..\..\lib\Debug\LLVMInstCombine.lib ..\..\lib\Debug\LLVMTransformUtils.lib ..\..\lib\Debug\LLVMipa.lib ..\..\lib\Debug\LLVMAnalysis.lib ..\..\lib\Debug\LLVMTarget.lib ..\..\lib\Debug\LLVMCore.lib ..\..\lib\Debug\LLVMMC.lib ..\..\lib\Debug\LLVMSupport.lib ..\..\lib\Debug\LLVMSystem.lib /MANIFEST /ManifestFile:"lli.dir\Debug\lli.exe.intermediate.manifest" /MANIFESTUAC:"level='asInvoker' uiAccess='false'" /DEBUG /PDB:"C:\Users\skinny\projects\lightspark\llvm\bin\Debug\lli.pdb" /SUBSYSTEM:CONSOLE /STACK:"10000000" /TLBID:1 /DYNAMICBASE /NXCOMPAT /IMPLIB:"C:/Users/skinny/projects/lightspark/llvm/lib/Debug/lli.lib" /MACHINE:X86 lli.dir\Debug\lli.exe.embed.manifest.res
         lli.dir\Debug\lli.obj  /machine:X86 /debug 
            Creating library C:/Users/skinny/projects/lightspark/llvm/lib/Debug/lli.lib and object C:/Users/skinny/projects/lightspark/llvm/lib/Debug/lli.exp
         lli.vcxproj -> C:\Users\skinny\projects\lightspark\llvm\bin\Debug\lli.exe
       FinalizeBuildStatus:
         Deleting file "lli.dir\Debug\lli.unsuccessfulbuild".
         Touching "lli.dir\Debug\lli.lastbuildstate".
     1>Done Building Project "C:\Users\skinny\projects\lightspark\llvm\tools\lli\lli.vcxproj" (build target(s)).

Build succeeded.

Time Elapsed 00:03:25.38
