Build started 7/26/2010 1:28:01 PM.
     1>Project "C:\Users\skinny\projects\lightspark\llvm\tools\llvm-extract\llvm-extract.vcxproj" on node 2 (build target(s)).
     1>InitializeBuildStatus:
         Touching "llvm-extract.dir\Debug\llvm-extract.unsuccessfulbuild".
       CustomBuild:
         All outputs are up-to-date.
       ClCompile:
         All outputs are up-to-date.
       ManifestResourceCompile:
         All outputs are up-to-date.
       Link:
         C:\Program Files\Microsoft Visual Studio 10.0\VC\bin\link.exe /ERRORREPORT:PROMPT /OUT:"C:\Users\skinny\projects\lightspark\llvm\bin\Debug\llvm-extract.exe" /VERSION:"0.0" /INCREMENTAL /NOLOGO kernel32.lib user32.lib gdi32.lib winspool.lib shell32.lib ole32.lib oleaut32.lib uuid.lib comdlg32.lib advapi32.lib ..\..\lib\Debug\LLVMAsmParser.lib ..\..\lib\Debug\LLVMipo.lib ..\..\lib\Debug\LLVMBitReader.lib ..\..\lib\Debug\LLVMBitWriter.lib ..\..\lib\Debug\LLVMTransformUtils.lib ..\..\lib\Debug\LLVMipa.lib ..\..\lib\Debug\LLVMAnalysis.lib ..\..\lib\Debug\LLVMTarget.lib ..\..\lib\Debug\LLVMCore.lib ..\..\lib\Debug\LLVMMC.lib ..\..\lib\Debug\LLVMSupport.lib ..\..\lib\Debug\LLVMSystem.lib /MANIFEST /ManifestFile:"llvm-extract.dir\Debug\llvm-extract.exe.intermediate.manifest" /MANIFESTUAC:"level='asInvoker' uiAccess='false'" /DEBUG /PDB:"C:\Users\skinny\projects\lightspark\llvm\bin\Debug\llvm-extract.pdb" /SUBSYSTEM:CONSOLE /STACK:"10000000" /TLBID:1 /DYNAMICBASE /NXCOMPAT /IMPLIB:"C:/Users/skinny/projects/lightspark/llvm/lib/Debug/llvm-extract.lib" /MACHINE:X86 "llvm-extract.dir\Debug\llvm-extract.exe.embed.manifest.res"
         "llvm-extract.dir\Debug\llvm-extract.obj"  /machine:X86 /debug 
            Creating library C:/Users/skinny/projects/lightspark/llvm/lib/Debug/llvm-extract.lib and object C:/Users/skinny/projects/lightspark/llvm/lib/Debug/llvm-extract.exp
       Manifest:
         C:\Program Files\Microsoft SDKs\Windows\v7.0A\bin\mt.exe /nologo /verbose /out:"llvm-extract.dir\Debug\llvm-extract.exe.embed.manifest" /manifest "llvm-extract.dir\Debug\llvm-extract.exe.intermediate.manifest"
         C:\Program Files\Microsoft SDKs\Windows\v7.0A\bin\rc.exe /nologo /fo"llvm-extract.dir\Debug\llvm-extract.exe.embed.manifest.res" llvm-extract.dir\Debug\llvm-extract_manifest.rc 
       LinkEmbedManifest:
         C:\Program Files\Microsoft Visual Studio 10.0\VC\bin\link.exe /ERRORREPORT:PROMPT /OUT:"C:\Users\skinny\projects\lightspark\llvm\bin\Debug\llvm-extract.exe" /VERSION:"0.0" /INCREMENTAL /NOLOGO kernel32.lib user32.lib gdi32.lib winspool.lib shell32.lib ole32.lib oleaut32.lib uuid.lib comdlg32.lib advapi32.lib ..\..\lib\Debug\LLVMAsmParser.lib ..\..\lib\Debug\LLVMipo.lib ..\..\lib\Debug\LLVMBitReader.lib ..\..\lib\Debug\LLVMBitWriter.lib ..\..\lib\Debug\LLVMTransformUtils.lib ..\..\lib\Debug\LLVMipa.lib ..\..\lib\Debug\LLVMAnalysis.lib ..\..\lib\Debug\LLVMTarget.lib ..\..\lib\Debug\LLVMCore.lib ..\..\lib\Debug\LLVMMC.lib ..\..\lib\Debug\LLVMSupport.lib ..\..\lib\Debug\LLVMSystem.lib /MANIFEST /ManifestFile:"llvm-extract.dir\Debug\llvm-extract.exe.intermediate.manifest" /MANIFESTUAC:"level='asInvoker' uiAccess='false'" /DEBUG /PDB:"C:\Users\skinny\projects\lightspark\llvm\bin\Debug\llvm-extract.pdb" /SUBSYSTEM:CONSOLE /STACK:"10000000" /TLBID:1 /DYNAMICBASE /NXCOMPAT /IMPLIB:"C:/Users/skinny/projects/lightspark/llvm/lib/Debug/llvm-extract.lib" /MACHINE:X86 "llvm-extract.dir\Debug\llvm-extract.exe.embed.manifest.res"
         "llvm-extract.dir\Debug\llvm-extract.obj"  /machine:X86 /debug 
            Creating library C:/Users/skinny/projects/lightspark/llvm/lib/Debug/llvm-extract.lib and object C:/Users/skinny/projects/lightspark/llvm/lib/Debug/llvm-extract.exp
         llvm-extract.vcxproj -> C:\Users\skinny\projects\lightspark\llvm\bin\Debug\llvm-extract.exe
       FinalizeBuildStatus:
         Deleting file "llvm-extract.dir\Debug\llvm-extract.unsuccessfulbuild".
         Touching "llvm-extract.dir\Debug\llvm-extract.lastbuildstate".
     1>Done Building Project "C:\Users\skinny\projects\lightspark\llvm\tools\llvm-extract\llvm-extract.vcxproj" (build target(s)).

Build succeeded.

Time Elapsed 00:00:17.22
