Build started 7/26/2010 1:41:05 PM.
     1>Project "C:\Users\skinny\projects\lightspark\llvm\tools\llvm-mc\llvm-mc.vcxproj" on node 3 (build target(s)).
     1>InitializeBuildStatus:
         Touching "llvm-mc.dir\Debug\llvm-mc.unsuccessfulbuild".
       CustomBuild:
         All outputs are up-to-date.
       ClCompile:
         All outputs are up-to-date.
       ManifestResourceCompile:
         All outputs are up-to-date.
       Link:
         C:\Program Files\Microsoft Visual Studio 10.0\VC\bin\link.exe /ERRORREPORT:PROMPT /OUT:"C:\Users\skinny\projects\lightspark\llvm\bin\Debug\llvm-mc.exe" /VERSION:"0.0" /INCREMENTAL /NOLOGO kernel32.lib user32.lib gdi32.lib winspool.lib shell32.lib ole32.lib oleaut32.lib uuid.lib comdlg32.lib advapi32.lib ..\..\lib\Debug\LLVMX86AsmPrinter.lib ..\..\lib\Debug\LLVMX86AsmParser.lib ..\..\lib\Debug\LLVMX86Disassembler.lib ..\..\lib\Debug\LLVMX86CodeGen.lib ..\..\lib\Debug\LLVMMCParser.lib ..\..\lib\Debug\LLVMSelectionDAG.lib ..\..\lib\Debug\LLVMX86Info.lib ..\..\lib\Debug\LLVMAsmPrinter.lib ..\..\lib\Debug\LLVMCodeGen.lib ..\..\lib\Debug\LLVMScalarOpts.lib ..\..\lib\Debug\LLVMInstCombine.lib ..\..\lib\Debug\LLVMTransformUtils.lib ..\..\lib\Debug\LLVMipa.lib ..\..\lib\Debug\LLVMAnalysis.lib ..\..\lib\Debug\LLVMTarget.lib ..\..\lib\Debug\LLVMCore.lib ..\..\lib\Debug\LLVMMC.lib ..\..\lib\Debug\LLVMSupport.lib ..\..\lib\Debug\LLVMSystem.lib /MANIFEST /ManifestFile:"llvm-mc.dir\Debug\llvm-mc.exe.intermediate.manifest" /MANIFESTUAC:"level='asInvoker' uiAccess='false'" /DEBUG /PDB:"C:\Users\skinny\projects\lightspark\llvm\bin\Debug\llvm-mc.pdb" /SUBSYSTEM:CONSOLE /STACK:"10000000" /TLBID:1 /DYNAMICBASE /NXCOMPAT /IMPLIB:"C:/Users/skinny/projects/lightspark/llvm/lib/Debug/llvm-mc.lib" /MACHINE:X86 "llvm-mc.dir\Debug\llvm-mc.exe.embed.manifest.res"
         "llvm-mc.dir\Debug\llvm-mc.obj"
         "llvm-mc.dir\Debug\Disassembler.obj"  /machine:X86 /debug 
            Creating library C:/Users/skinny/projects/lightspark/llvm/lib/Debug/llvm-mc.lib and object C:/Users/skinny/projects/lightspark/llvm/lib/Debug/llvm-mc.exp
       Manifest:
         C:\Program Files\Microsoft SDKs\Windows\v7.0A\bin\mt.exe /nologo /verbose /out:"llvm-mc.dir\Debug\llvm-mc.exe.embed.manifest" /manifest "llvm-mc.dir\Debug\llvm-mc.exe.intermediate.manifest"
         C:\Program Files\Microsoft SDKs\Windows\v7.0A\bin\rc.exe /nologo /fo"llvm-mc.dir\Debug\llvm-mc.exe.embed.manifest.res" llvm-mc.dir\Debug\llvm-mc_manifest.rc 
       LinkEmbedManifest:
         C:\Program Files\Microsoft Visual Studio 10.0\VC\bin\link.exe /ERRORREPORT:PROMPT /OUT:"C:\Users\skinny\projects\lightspark\llvm\bin\Debug\llvm-mc.exe" /VERSION:"0.0" /INCREMENTAL /NOLOGO kernel32.lib user32.lib gdi32.lib winspool.lib shell32.lib ole32.lib oleaut32.lib uuid.lib comdlg32.lib advapi32.lib ..\..\lib\Debug\LLVMX86AsmPrinter.lib ..\..\lib\Debug\LLVMX86AsmParser.lib ..\..\lib\Debug\LLVMX86Disassembler.lib ..\..\lib\Debug\LLVMX86CodeGen.lib ..\..\lib\Debug\LLVMMCParser.lib ..\..\lib\Debug\LLVMSelectionDAG.lib ..\..\lib\Debug\LLVMX86Info.lib ..\..\lib\Debug\LLVMAsmPrinter.lib ..\..\lib\Debug\LLVMCodeGen.lib ..\..\lib\Debug\LLVMScalarOpts.lib ..\..\lib\Debug\LLVMInstCombine.lib ..\..\lib\Debug\LLVMTransformUtils.lib ..\..\lib\Debug\LLVMipa.lib ..\..\lib\Debug\LLVMAnalysis.lib ..\..\lib\Debug\LLVMTarget.lib ..\..\lib\Debug\LLVMCore.lib ..\..\lib\Debug\LLVMMC.lib ..\..\lib\Debug\LLVMSupport.lib ..\..\lib\Debug\LLVMSystem.lib /MANIFEST /ManifestFile:"llvm-mc.dir\Debug\llvm-mc.exe.intermediate.manifest" /MANIFESTUAC:"level='asInvoker' uiAccess='false'" /DEBUG /PDB:"C:\Users\skinny\projects\lightspark\llvm\bin\Debug\llvm-mc.pdb" /SUBSYSTEM:CONSOLE /STACK:"10000000" /TLBID:1 /DYNAMICBASE /NXCOMPAT /IMPLIB:"C:/Users/skinny/projects/lightspark/llvm/lib/Debug/llvm-mc.lib" /MACHINE:X86 "llvm-mc.dir\Debug\llvm-mc.exe.embed.manifest.res"
         "llvm-mc.dir\Debug\llvm-mc.obj"
         "llvm-mc.dir\Debug\Disassembler.obj"  /machine:X86 /debug 
            Creating library C:/Users/skinny/projects/lightspark/llvm/lib/Debug/llvm-mc.lib and object C:/Users/skinny/projects/lightspark/llvm/lib/Debug/llvm-mc.exp
         llvm-mc.vcxproj -> C:\Users\skinny\projects\lightspark\llvm\bin\Debug\llvm-mc.exe
       FinalizeBuildStatus:
         Deleting file "llvm-mc.dir\Debug\llvm-mc.unsuccessfulbuild".
         Touching "llvm-mc.dir\Debug\llvm-mc.lastbuildstate".
     1>Done Building Project "C:\Users\skinny\projects\lightspark\llvm\tools\llvm-mc\llvm-mc.vcxproj" (build target(s)).

Build succeeded.

Time Elapsed 00:02:16.59
