.\Debug\SDL.ilk
.\Debug\SDL.pdb
C:\Users\skinny\projects\lightspark\SDL-1.2.14\VisualC\SDL\.\Debug\SDL.dll
C:\Users\skinny\projects\lightspark\SDL-1.2.14\VisualC\SDL\.\Debug\SDL.dll.intermediate.manifest
C:\Users\skinny\projects\lightspark\SDL-1.2.14\VisualC\SDL\Debug\SDL.dll.embed.manifest
C:\Users\skinny\projects\lightspark\SDL-1.2.14\VisualC\SDL\Debug\SDL.dll.embed.manifest.res
C:\Users\skinny\projects\lightspark\SDL-1.2.14\VisualC\SDL\Debug\SDL.dll.intermediate.manifest
C:\Users\skinny\projects\lightspark\SDL-1.2.14\VisualC\SDL\Debug\SDL.exp
C:\Users\skinny\projects\lightspark\SDL-1.2.14\VisualC\SDL\Debug\SDL.ilk
C:\Users\skinny\projects\lightspark\SDL-1.2.14\VisualC\SDL\Debug\SDL.obj
C:\Users\skinny\projects\lightspark\SDL-1.2.14\VisualC\SDL\Debug\SDL.pdb
C:\Users\skinny\projects\lightspark\SDL-1.2.14\VisualC\SDL\Debug\SDL_active.obj
C:\Users\skinny\projects\lightspark\SDL-1.2.14\VisualC\SDL\Debug\SDL_audio.obj
C:\Users\skinny\projects\lightspark\SDL-1.2.14\VisualC\SDL\Debug\SDL_audiocvt.obj
C:\Users\skinny\projects\lightspark\SDL-1.2.14\VisualC\SDL\Debug\SDL_blit.obj
C:\Users\skinny\projects\lightspark\SDL-1.2.14\VisualC\SDL\Debug\SDL_blit_0.obj
C:\Users\skinny\projects\lightspark\SDL-1.2.14\VisualC\SDL\Debug\SDL_blit_1.obj
C:\Users\skinny\projects\lightspark\SDL-1.2.14\VisualC\SDL\Debug\SDL_blit_A.obj
C:\Users\skinny\projects\lightspark\SDL-1.2.14\VisualC\SDL\Debug\SDL_blit_N.obj
C:\Users\skinny\projects\lightspark\SDL-1.2.14\VisualC\SDL\Debug\SDL_bmp.obj
C:\Users\skinny\projects\lightspark\SDL-1.2.14\VisualC\SDL\Debug\SDL_cdrom.obj
C:\Users\skinny\projects\lightspark\SDL-1.2.14\VisualC\SDL\Debug\SDL_cpuinfo.obj
C:\Users\skinny\projects\lightspark\SDL-1.2.14\VisualC\SDL\Debug\SDL_cursor.obj
C:\Users\skinny\projects\lightspark\SDL-1.2.14\VisualC\SDL\Debug\SDL_dibaudio.obj
C:\Users\skinny\projects\lightspark\SDL-1.2.14\VisualC\SDL\Debug\SDL_dibevents.obj
C:\Users\skinny\projects\lightspark\SDL-1.2.14\VisualC\SDL\Debug\SDL_dibvideo.obj
C:\Users\skinny\projects\lightspark\SDL-1.2.14\VisualC\SDL\Debug\SDL_diskaudio.obj
C:\Users\skinny\projects\lightspark\SDL-1.2.14\VisualC\SDL\Debug\SDL_dummyaudio.obj
C:\Users\skinny\projects\lightspark\SDL-1.2.14\VisualC\SDL\Debug\SDL_dx5audio.obj
C:\Users\skinny\projects\lightspark\SDL-1.2.14\VisualC\SDL\Debug\SDL_dx5events.obj
C:\Users\skinny\projects\lightspark\SDL-1.2.14\VisualC\SDL\Debug\SDL_dx5video.obj
C:\Users\skinny\projects\lightspark\SDL-1.2.14\VisualC\SDL\Debug\SDL_dx5yuv.obj
C:\Users\skinny\projects\lightspark\SDL-1.2.14\VisualC\SDL\Debug\SDL_error.obj
C:\Users\skinny\projects\lightspark\SDL-1.2.14\VisualC\SDL\Debug\SDL_events.obj
C:\Users\skinny\projects\lightspark\SDL-1.2.14\VisualC\SDL\Debug\SDL_expose.obj
C:\Users\skinny\projects\lightspark\SDL-1.2.14\VisualC\SDL\Debug\SDL_fatal.obj
C:\Users\skinny\projects\lightspark\SDL-1.2.14\VisualC\SDL\Debug\SDL_gamma.obj
C:\Users\skinny\projects\lightspark\SDL-1.2.14\VisualC\SDL\Debug\SDL_getenv.obj
C:\Users\skinny\projects\lightspark\SDL-1.2.14\VisualC\SDL\Debug\SDL_iconv.obj
C:\Users\skinny\projects\lightspark\SDL-1.2.14\VisualC\SDL\Debug\SDL_joystick.obj
C:\Users\skinny\projects\lightspark\SDL-1.2.14\VisualC\SDL\Debug\SDL_keyboard.obj
C:\Users\skinny\projects\lightspark\SDL-1.2.14\VisualC\SDL\Debug\SDL_malloc.obj
C:\Users\skinny\projects\lightspark\SDL-1.2.14\VisualC\SDL\Debug\SDL_mixer.obj
C:\Users\skinny\projects\lightspark\SDL-1.2.14\VisualC\SDL\Debug\SDL_mixer_MMX_VC.obj
C:\Users\skinny\projects\lightspark\SDL-1.2.14\VisualC\SDL\Debug\SDL_mmjoystick.obj
C:\Users\skinny\projects\lightspark\SDL-1.2.14\VisualC\SDL\Debug\SDL_mouse.obj
C:\Users\skinny\projects\lightspark\SDL-1.2.14\VisualC\SDL\Debug\SDL_nullevents.obj
C:\Users\skinny\projects\lightspark\SDL-1.2.14\VisualC\SDL\Debug\SDL_nullmouse.obj
C:\Users\skinny\projects\lightspark\SDL-1.2.14\VisualC\SDL\Debug\SDL_nullvideo.obj
C:\Users\skinny\projects\lightspark\SDL-1.2.14\VisualC\SDL\Debug\SDL_pixels.obj
C:\Users\skinny\projects\lightspark\SDL-1.2.14\VisualC\SDL\Debug\SDL_qsort.obj
C:\Users\skinny\projects\lightspark\SDL-1.2.14\VisualC\SDL\Debug\SDL_quit.obj
C:\Users\skinny\projects\lightspark\SDL-1.2.14\VisualC\SDL\Debug\SDL_resize.obj
C:\Users\skinny\projects\lightspark\SDL-1.2.14\VisualC\SDL\Debug\SDL_RLEaccel.obj
C:\Users\skinny\projects\lightspark\SDL-1.2.14\VisualC\SDL\Debug\SDL_rwops.obj
C:\Users\skinny\projects\lightspark\SDL-1.2.14\VisualC\SDL\Debug\SDL_stdlib.obj
C:\Users\skinny\projects\lightspark\SDL-1.2.14\VisualC\SDL\Debug\SDL_stretch.obj
C:\Users\skinny\projects\lightspark\SDL-1.2.14\VisualC\SDL\Debug\SDL_string.obj
C:\Users\skinny\projects\lightspark\SDL-1.2.14\VisualC\SDL\Debug\SDL_surface.obj
C:\Users\skinny\projects\lightspark\SDL-1.2.14\VisualC\SDL\Debug\SDL_syscdrom.obj
C:\Users\skinny\projects\lightspark\SDL-1.2.14\VisualC\SDL\Debug\SDL_syscond.obj
C:\Users\skinny\projects\lightspark\SDL-1.2.14\VisualC\SDL\Debug\SDL_sysevents.obj
C:\Users\skinny\projects\lightspark\SDL-1.2.14\VisualC\SDL\Debug\SDL_sysloadso.obj
C:\Users\skinny\projects\lightspark\SDL-1.2.14\VisualC\SDL\Debug\SDL_sysmouse.obj
C:\Users\skinny\projects\lightspark\SDL-1.2.14\VisualC\SDL\Debug\SDL_sysmutex.obj
C:\Users\skinny\projects\lightspark\SDL-1.2.14\VisualC\SDL\Debug\SDL_syssem.obj
C:\Users\skinny\projects\lightspark\SDL-1.2.14\VisualC\SDL\Debug\SDL_systhread.obj
C:\Users\skinny\projects\lightspark\SDL-1.2.14\VisualC\SDL\Debug\SDL_systimer.obj
C:\Users\skinny\projects\lightspark\SDL-1.2.14\VisualC\SDL\Debug\SDL_syswm.obj
C:\Users\skinny\projects\lightspark\SDL-1.2.14\VisualC\SDL\Debug\SDL_thread.obj
C:\Users\skinny\projects\lightspark\SDL-1.2.14\VisualC\SDL\Debug\SDL_timer.obj
C:\Users\skinny\projects\lightspark\SDL-1.2.14\VisualC\SDL\Debug\SDL_video.obj
C:\Users\skinny\projects\lightspark\SDL-1.2.14\VisualC\SDL\Debug\SDL_wave.obj
C:\Users\skinny\projects\lightspark\SDL-1.2.14\VisualC\SDL\Debug\SDL_wingl.obj
C:\Users\skinny\projects\lightspark\SDL-1.2.14\VisualC\SDL\Debug\SDL_yuv.obj
C:\Users\skinny\projects\lightspark\SDL-1.2.14\VisualC\SDL\Debug\SDL_yuv_sw.obj
C:\Users\skinny\projects\lightspark\SDL-1.2.14\VisualC\SDL\Debug\vc90.idb
C:\Users\skinny\projects\lightspark\SDL-1.2.14\VisualC\SDL\Debug\vc90.pdb
