Build started 7/26/2010 1:16:11 PM.
     1>Project "C:\Users\skinny\projects\lightspark\llvm\lib\Analysis\IPA\LLVMipa.vcxproj" on node 2 (build target(s)).
     1>InitializeBuildStatus:
         Creating "LLVMipa.dir\Debug\LLVMipa.unsuccessfulbuild" because "AlwaysCreate" was specified.
       CustomBuild:
         Building Custom Rule C:/Users/skinny/projects/lightspark/llvm/lib/Analysis/IPA/CMakeLists.txt
         CMake does not need to re-run because C:\Users\skinny\projects\lightspark\llvm\lib\Analysis\IPA\CMakeFiles\generate.stamp is up-to-date.
       ClCompile:
         C:\Program Files\Microsoft Visual Studio 10.0\VC\bin\CL.exe /c /IC:/Users/skinny/projects/lightspark/llvm/include /Zi /nologo /W3 /WX- /Od /Ob0 /Oy- /D WIN32 /D _WINDOWS /D _DEBUG /D __STDC_LIMIT_MACROS /D __STDC_CONSTANT_MACROS /D _CRT_SECURE_NO_DEPRECATE /D _CRT_SECURE_NO_WARNINGS /D _SCL_SECURE_NO_WARNINGS /D CRT_NONSTDC_NO_WARNINGS /D _SCL_SECURE_NO_DEPRECATE /D "CMAKE_INTDIR=\"Debug\"" /D _MBCS /Gm- /EHsc /RTC1 /MDd /GS /fp:precise /Zc:wchar_t /Zc:forScope /GR /Fo"LLVMipa.dir\Debug\\" /Fd"C:/Users/skinny/projects/lightspark/llvm/lib/Debug/LLVMipa.pdb" /Gd /TP /wd4146 /wd4503 /wd4996 /wd4800 /wd4244 /wd4624 /wd4355 /wd4715 /wd4180 /wd4345 /wd4224 /wd4351 /analyze- /errorReport:prompt CallGraph.cpp CallGraphSCCPass.cpp FindUsedTypes.cpp GlobalsModRef.cpp  /Zm1000 
         CallGraph.cpp
         CallGraphSCCPass.cpp
         FindUsedTypes.cpp
         GlobalsModRef.cpp
         Generating Code...
       Lib:
         C:\Program Files\Microsoft Visual Studio 10.0\VC\bin\Lib.exe /OUT:"C:\Users\skinny\projects\lightspark\llvm\lib\Debug\LLVMipa.lib" /NOLOGO LLVMipa.dir\Debug\CallGraph.obj
         LLVMipa.dir\Debug\CallGraphSCCPass.obj
         LLVMipa.dir\Debug\FindUsedTypes.obj
         LLVMipa.dir\Debug\GlobalsModRef.obj
         LLVMipa.vcxproj -> C:\Users\skinny\projects\lightspark\llvm\lib\Debug\LLVMipa.lib
       FinalizeBuildStatus:
         Deleting file "LLVMipa.dir\Debug\LLVMipa.unsuccessfulbuild".
         Touching "LLVMipa.dir\Debug\LLVMipa.lastbuildstate".
     1>Done Building Project "C:\Users\skinny\projects\lightspark\llvm\lib\Analysis\IPA\LLVMipa.vcxproj" (build target(s)).

Build succeeded.

Time Elapsed 00:00:11.33
