C:\USERS\SKINNY\PROJECTS\LIGHTSPARK\CURL-7.20.1\LIB\CMAKEFILES\GENERATE.STAMP
C:\USERS\SKINNY\PROJECTS\LIGHTSPARK\CURL-7.20.1\LIB\DEBUG\LIBCURL.DLL
C:\USERS\SKINNY\PROJECTS\LIGHTSPARK\CURL-7.20.1\LIB\DEBUG\LIBCURL.ILK
C:\USERS\SKINNY\PROJECTS\LIGHTSPARK\CURL-7.20.1\LIB\DEBUG\LIBCURL.PDB
C:\USERS\SKINNY\PROJECTS\LIGHTSPARK\CURL-7.20.1\LIB\LIBCURL.DIR\DEBUG\BASE64.OBJ
C:\Users\skinny\projects\lightspark\curl-7.20.1\lib\libcurl.dir\Debug\cl.command.1.tlog
C:\Users\skinny\projects\lightspark\curl-7.20.1\lib\libcurl.dir\Debug\CL.read.1.tlog
C:\Users\skinny\projects\lightspark\curl-7.20.1\lib\libcurl.dir\Debug\CL.write.1.tlog
C:\USERS\SKINNY\PROJECTS\LIGHTSPARK\CURL-7.20.1\LIB\LIBCURL.DIR\DEBUG\CONNECT.OBJ
C:\USERS\SKINNY\PROJECTS\LIGHTSPARK\CURL-7.20.1\LIB\LIBCURL.DIR\DEBUG\CONTENT_ENCODING.OBJ
C:\USERS\SKINNY\PROJECTS\LIGHTSPARK\CURL-7.20.1\LIB\LIBCURL.DIR\DEBUG\COOKIE.OBJ
C:\USERS\SKINNY\PROJECTS\LIGHTSPARK\CURL-7.20.1\LIB\LIBCURL.DIR\DEBUG\CURL_ADDRINFO.OBJ
C:\USERS\SKINNY\PROJECTS\LIGHTSPARK\CURL-7.20.1\LIB\LIBCURL.DIR\DEBUG\CURL_MEMRCHR.OBJ
C:\USERS\SKINNY\PROJECTS\LIGHTSPARK\CURL-7.20.1\LIB\LIBCURL.DIR\DEBUG\CURL_RAND.OBJ
C:\USERS\SKINNY\PROJECTS\LIGHTSPARK\CURL-7.20.1\LIB\LIBCURL.DIR\DEBUG\CURL_SSPI.OBJ
C:\USERS\SKINNY\PROJECTS\LIGHTSPARK\CURL-7.20.1\LIB\LIBCURL.DIR\DEBUG\CURL_THREADS.OBJ
C:\Users\skinny\projects\lightspark\curl-7.20.1\lib\libcurl.dir\Debug\custombuild.command.1.tlog
C:\Users\skinny\projects\lightspark\curl-7.20.1\lib\libcurl.dir\Debug\custombuild.read.1.tlog
C:\Users\skinny\projects\lightspark\curl-7.20.1\lib\libcurl.dir\Debug\custombuild.write.1.tlog
C:\USERS\SKINNY\PROJECTS\LIGHTSPARK\CURL-7.20.1\LIB\LIBCURL.DIR\DEBUG\DICT.OBJ
C:\USERS\SKINNY\PROJECTS\LIGHTSPARK\CURL-7.20.1\LIB\LIBCURL.DIR\DEBUG\EASY.OBJ
C:\USERS\SKINNY\PROJECTS\LIGHTSPARK\CURL-7.20.1\LIB\LIBCURL.DIR\DEBUG\ESCAPE.OBJ
C:\USERS\SKINNY\PROJECTS\LIGHTSPARK\CURL-7.20.1\LIB\LIBCURL.DIR\DEBUG\FILE.OBJ
C:\USERS\SKINNY\PROJECTS\LIGHTSPARK\CURL-7.20.1\LIB\LIBCURL.DIR\DEBUG\FORMDATA.OBJ
C:\USERS\SKINNY\PROJECTS\LIGHTSPARK\CURL-7.20.1\LIB\LIBCURL.DIR\DEBUG\FTP.OBJ
C:\USERS\SKINNY\PROJECTS\LIGHTSPARK\CURL-7.20.1\LIB\LIBCURL.DIR\DEBUG\GETENV.OBJ
C:\USERS\SKINNY\PROJECTS\LIGHTSPARK\CURL-7.20.1\LIB\LIBCURL.DIR\DEBUG\GETINFO.OBJ
C:\USERS\SKINNY\PROJECTS\LIGHTSPARK\CURL-7.20.1\LIB\LIBCURL.DIR\DEBUG\GTLS.OBJ
C:\USERS\SKINNY\PROJECTS\LIGHTSPARK\CURL-7.20.1\LIB\LIBCURL.DIR\DEBUG\HASH.OBJ
C:\USERS\SKINNY\PROJECTS\LIGHTSPARK\CURL-7.20.1\LIB\LIBCURL.DIR\DEBUG\HOSTARES.OBJ
C:\USERS\SKINNY\PROJECTS\LIGHTSPARK\CURL-7.20.1\LIB\LIBCURL.DIR\DEBUG\HOSTASYN.OBJ
C:\USERS\SKINNY\PROJECTS\LIGHTSPARK\CURL-7.20.1\LIB\LIBCURL.DIR\DEBUG\HOSTIP.OBJ
C:\USERS\SKINNY\PROJECTS\LIGHTSPARK\CURL-7.20.1\LIB\LIBCURL.DIR\DEBUG\HOSTIP4.OBJ
C:\USERS\SKINNY\PROJECTS\LIGHTSPARK\CURL-7.20.1\LIB\LIBCURL.DIR\DEBUG\HOSTIP6.OBJ
C:\USERS\SKINNY\PROJECTS\LIGHTSPARK\CURL-7.20.1\LIB\LIBCURL.DIR\DEBUG\HOSTSYN.OBJ
C:\USERS\SKINNY\PROJECTS\LIGHTSPARK\CURL-7.20.1\LIB\LIBCURL.DIR\DEBUG\HOSTTHRE.OBJ
C:\USERS\SKINNY\PROJECTS\LIGHTSPARK\CURL-7.20.1\LIB\LIBCURL.DIR\DEBUG\HTTP.OBJ
C:\USERS\SKINNY\PROJECTS\LIGHTSPARK\CURL-7.20.1\LIB\LIBCURL.DIR\DEBUG\HTTP_CHUNKS.OBJ
C:\USERS\SKINNY\PROJECTS\LIGHTSPARK\CURL-7.20.1\LIB\LIBCURL.DIR\DEBUG\HTTP_DIGEST.OBJ
C:\USERS\SKINNY\PROJECTS\LIGHTSPARK\CURL-7.20.1\LIB\LIBCURL.DIR\DEBUG\HTTP_NEGOTIATE.OBJ
C:\USERS\SKINNY\PROJECTS\LIGHTSPARK\CURL-7.20.1\LIB\LIBCURL.DIR\DEBUG\HTTP_NTLM.OBJ
C:\USERS\SKINNY\PROJECTS\LIGHTSPARK\CURL-7.20.1\LIB\LIBCURL.DIR\DEBUG\IF2IP.OBJ
C:\USERS\SKINNY\PROJECTS\LIGHTSPARK\CURL-7.20.1\LIB\LIBCURL.DIR\DEBUG\IMAP.OBJ
C:\USERS\SKINNY\PROJECTS\LIGHTSPARK\CURL-7.20.1\LIB\LIBCURL.DIR\DEBUG\INET_NTOP.OBJ
C:\USERS\SKINNY\PROJECTS\LIGHTSPARK\CURL-7.20.1\LIB\LIBCURL.DIR\DEBUG\INET_PTON.OBJ
C:\USERS\SKINNY\PROJECTS\LIGHTSPARK\CURL-7.20.1\LIB\LIBCURL.DIR\DEBUG\KRB4.OBJ
C:\USERS\SKINNY\PROJECTS\LIGHTSPARK\CURL-7.20.1\LIB\LIBCURL.DIR\DEBUG\KRB5.OBJ
C:\USERS\SKINNY\PROJECTS\LIGHTSPARK\CURL-7.20.1\LIB\LIBCURL.DIR\DEBUG\LDAP.OBJ
C:\Users\skinny\projects\lightspark\curl-7.20.1\lib\libcurl.dir\Debug\libcurl.dll.embed.manifest
C:\USERS\SKINNY\PROJECTS\LIGHTSPARK\CURL-7.20.1\LIB\LIBCURL.DIR\DEBUG\LIBCURL.DLL.EMBED.MANIFEST.RES
C:\USERS\SKINNY\PROJECTS\LIGHTSPARK\CURL-7.20.1\LIB\LIBCURL.DIR\DEBUG\LIBCURL.DLL.INTERMEDIATE.MANIFEST
C:\USERS\SKINNY\PROJECTS\LIGHTSPARK\CURL-7.20.1\LIB\LIBCURL.DIR\DEBUG\LIBCURL.RES
C:\Users\skinny\projects\lightspark\curl-7.20.1\lib\libcurl.dir\Debug\libcurl.write.1.tlog
C:\Users\skinny\projects\lightspark\curl-7.20.1\lib\libcurl.dir\Debug\libcurl_manifest.rc
C:\Users\skinny\projects\lightspark\curl-7.20.1\lib\libcurl.dir\Debug\link.command.1.tlog
C:\Users\skinny\projects\lightspark\curl-7.20.1\lib\libcurl.dir\Debug\link.read.1.tlog
C:\Users\skinny\projects\lightspark\curl-7.20.1\lib\libcurl.dir\Debug\link.write.1.tlog
C:\Users\skinny\projects\lightspark\curl-7.20.1\lib\libcurl.dir\Debug\link-cvtres.read.1.tlog
C:\Users\skinny\projects\lightspark\curl-7.20.1\lib\libcurl.dir\Debug\link-cvtres.write.1.tlog
C:\USERS\SKINNY\PROJECTS\LIGHTSPARK\CURL-7.20.1\LIB\LIBCURL.DIR\DEBUG\LLIST.OBJ
C:\USERS\SKINNY\PROJECTS\LIGHTSPARK\CURL-7.20.1\LIB\LIBCURL.DIR\DEBUG\MD5.OBJ
C:\USERS\SKINNY\PROJECTS\LIGHTSPARK\CURL-7.20.1\LIB\LIBCURL.DIR\DEBUG\MEMDEBUG.OBJ
C:\USERS\SKINNY\PROJECTS\LIGHTSPARK\CURL-7.20.1\LIB\LIBCURL.DIR\DEBUG\MPRINTF.OBJ
C:\Users\skinny\projects\lightspark\curl-7.20.1\lib\libcurl.dir\Debug\mt.command.1.tlog
C:\Users\skinny\projects\lightspark\curl-7.20.1\lib\libcurl.dir\Debug\mt.read.1.tlog
C:\Users\skinny\projects\lightspark\curl-7.20.1\lib\libcurl.dir\Debug\mt.write.1.tlog
C:\USERS\SKINNY\PROJECTS\LIGHTSPARK\CURL-7.20.1\LIB\LIBCURL.DIR\DEBUG\MULTI.OBJ
C:\USERS\SKINNY\PROJECTS\LIGHTSPARK\CURL-7.20.1\LIB\LIBCURL.DIR\DEBUG\NETRC.OBJ
C:\USERS\SKINNY\PROJECTS\LIGHTSPARK\CURL-7.20.1\LIB\LIBCURL.DIR\DEBUG\NONBLOCK.OBJ
C:\USERS\SKINNY\PROJECTS\LIGHTSPARK\CURL-7.20.1\LIB\LIBCURL.DIR\DEBUG\NSS.OBJ
C:\USERS\SKINNY\PROJECTS\LIGHTSPARK\CURL-7.20.1\LIB\LIBCURL.DIR\DEBUG\PARSEDATE.OBJ
C:\USERS\SKINNY\PROJECTS\LIGHTSPARK\CURL-7.20.1\LIB\LIBCURL.DIR\DEBUG\PINGPONG.OBJ
C:\USERS\SKINNY\PROJECTS\LIGHTSPARK\CURL-7.20.1\LIB\LIBCURL.DIR\DEBUG\POP3.OBJ
C:\USERS\SKINNY\PROJECTS\LIGHTSPARK\CURL-7.20.1\LIB\LIBCURL.DIR\DEBUG\PROGRESS.OBJ
C:\USERS\SKINNY\PROJECTS\LIGHTSPARK\CURL-7.20.1\LIB\LIBCURL.DIR\DEBUG\QSSL.OBJ
C:\USERS\SKINNY\PROJECTS\LIGHTSPARK\CURL-7.20.1\LIB\LIBCURL.DIR\DEBUG\RAWSTR.OBJ
C:\Users\skinny\projects\lightspark\curl-7.20.1\lib\libcurl.dir\Debug\rc.command.1.tlog
C:\Users\skinny\projects\lightspark\curl-7.20.1\lib\libcurl.dir\Debug\rc.read.1.tlog
C:\Users\skinny\projects\lightspark\curl-7.20.1\lib\libcurl.dir\Debug\rc.write.1.tlog
C:\USERS\SKINNY\PROJECTS\LIGHTSPARK\CURL-7.20.1\LIB\LIBCURL.DIR\DEBUG\RTSP.OBJ
C:\USERS\SKINNY\PROJECTS\LIGHTSPARK\CURL-7.20.1\LIB\LIBCURL.DIR\DEBUG\SECURITY.OBJ
C:\USERS\SKINNY\PROJECTS\LIGHTSPARK\CURL-7.20.1\LIB\LIBCURL.DIR\DEBUG\SELECT.OBJ
C:\USERS\SKINNY\PROJECTS\LIGHTSPARK\CURL-7.20.1\LIB\LIBCURL.DIR\DEBUG\SENDF.OBJ
C:\USERS\SKINNY\PROJECTS\LIGHTSPARK\CURL-7.20.1\LIB\LIBCURL.DIR\DEBUG\SHARE.OBJ
C:\USERS\SKINNY\PROJECTS\LIGHTSPARK\CURL-7.20.1\LIB\LIBCURL.DIR\DEBUG\SLIST.OBJ
C:\USERS\SKINNY\PROJECTS\LIGHTSPARK\CURL-7.20.1\LIB\LIBCURL.DIR\DEBUG\SMTP.OBJ
C:\USERS\SKINNY\PROJECTS\LIGHTSPARK\CURL-7.20.1\LIB\LIBCURL.DIR\DEBUG\SOCKS.OBJ
C:\USERS\SKINNY\PROJECTS\LIGHTSPARK\CURL-7.20.1\LIB\LIBCURL.DIR\DEBUG\SOCKS_GSSAPI.OBJ
C:\USERS\SKINNY\PROJECTS\LIGHTSPARK\CURL-7.20.1\LIB\LIBCURL.DIR\DEBUG\SOCKS_SSPI.OBJ
C:\USERS\SKINNY\PROJECTS\LIGHTSPARK\CURL-7.20.1\LIB\LIBCURL.DIR\DEBUG\SPEEDCHECK.OBJ
C:\USERS\SKINNY\PROJECTS\LIGHTSPARK\CURL-7.20.1\LIB\LIBCURL.DIR\DEBUG\SPLAY.OBJ
C:\USERS\SKINNY\PROJECTS\LIGHTSPARK\CURL-7.20.1\LIB\LIBCURL.DIR\DEBUG\SSH.OBJ
C:\USERS\SKINNY\PROJECTS\LIGHTSPARK\CURL-7.20.1\LIB\LIBCURL.DIR\DEBUG\SSLGEN.OBJ
C:\USERS\SKINNY\PROJECTS\LIGHTSPARK\CURL-7.20.1\LIB\LIBCURL.DIR\DEBUG\SSLUSE.OBJ
C:\USERS\SKINNY\PROJECTS\LIGHTSPARK\CURL-7.20.1\LIB\LIBCURL.DIR\DEBUG\STRDUP.OBJ
C:\USERS\SKINNY\PROJECTS\LIGHTSPARK\CURL-7.20.1\LIB\LIBCURL.DIR\DEBUG\STREQUAL.OBJ
C:\USERS\SKINNY\PROJECTS\LIGHTSPARK\CURL-7.20.1\LIB\LIBCURL.DIR\DEBUG\STRERROR.OBJ
C:\USERS\SKINNY\PROJECTS\LIGHTSPARK\CURL-7.20.1\LIB\LIBCURL.DIR\DEBUG\STRTOK.OBJ
C:\USERS\SKINNY\PROJECTS\LIGHTSPARK\CURL-7.20.1\LIB\LIBCURL.DIR\DEBUG\STRTOOFFT.OBJ
C:\USERS\SKINNY\PROJECTS\LIGHTSPARK\CURL-7.20.1\LIB\LIBCURL.DIR\DEBUG\TELNET.OBJ
C:\USERS\SKINNY\PROJECTS\LIGHTSPARK\CURL-7.20.1\LIB\LIBCURL.DIR\DEBUG\TFTP.OBJ
C:\USERS\SKINNY\PROJECTS\LIGHTSPARK\CURL-7.20.1\LIB\LIBCURL.DIR\DEBUG\TIMEVAL.OBJ
C:\USERS\SKINNY\PROJECTS\LIGHTSPARK\CURL-7.20.1\LIB\LIBCURL.DIR\DEBUG\TRANSFER.OBJ
C:\USERS\SKINNY\PROJECTS\LIGHTSPARK\CURL-7.20.1\LIB\LIBCURL.DIR\DEBUG\URL.OBJ
C:\USERS\SKINNY\PROJECTS\LIGHTSPARK\CURL-7.20.1\LIB\LIBCURL.DIR\DEBUG\VERSION.OBJ
C:\USERS\SKINNY\PROJECTS\LIGHTSPARK\CURL-7.20.1\LIB\LIBCURL.DIR\DEBUG\WARNLESS.OBJ
C:\USERS\SKINNY\PROJECTS\LIGHTSPARK\CURL-7.20.1\LIB\LIBCURL.PDB
C:\Users\skinny\projects\lightspark\curl-7.20.1\lib\libcurl_imp.exp
C:\Users\skinny\projects\lightspark\curl-7.20.1\lib\libcurl_imp.lib
