Build started 7/26/2010 1:17:53 PM.
     1>Project "C:\Users\skinny\projects\lightspark\llvm\lib\Target\X86\AsmPrinter\LLVMX86AsmPrinter.vcxproj" on node 2 (build target(s)).
     1>InitializeBuildStatus:
         Creating "LLVMX86AsmPrinter.dir\Debug\LLVMX86AsmPrinter.unsuccessfulbuild" because "AlwaysCreate" was specified.
       CustomBuild:
         Building Custom Rule C:/Users/skinny/projects/lightspark/llvm/lib/Target/X86/AsmPrinter/CMakeLists.txt
         CMake does not need to re-run because C:\Users\skinny\projects\lightspark\llvm\lib\Target\X86\AsmPrinter\CMakeFiles\generate.stamp is up-to-date.
       ClCompile:
         C:\Program Files\Microsoft Visual Studio 10.0\VC\bin\CL.exe /c /IC:/Users/skinny/projects/lightspark/llvm/include /IC:/Users/skinny/projects/lightspark/llvm/lib/Target/X86/AsmPrinter/.. /Zi /nologo /W3 /WX- /Od /Ob0 /Oy- /D WIN32 /D _WINDOWS /D _DEBUG /D __STDC_LIMIT_MACROS /D __STDC_CONSTANT_MACROS /D _CRT_SECURE_NO_DEPRECATE /D _CRT_SECURE_NO_WARNINGS /D _SCL_SECURE_NO_WARNINGS /D CRT_NONSTDC_NO_WARNINGS /D _SCL_SECURE_NO_DEPRECATE /D "CMAKE_INTDIR=\"Debug\"" /D _MBCS /Gm- /EHsc /RTC1 /MDd /GS /fp:precise /Zc:wchar_t /Zc:forScope /GR /Fo"LLVMX86AsmPrinter.dir\Debug\\" /Fd"C:/Users/skinny/projects/lightspark/llvm/lib/Debug/LLVMX86AsmPrinter.pdb" /Gd /TP /wd4146 /wd4503 /wd4996 /wd4800 /wd4244 /wd4624 /wd4355 /wd4715 /wd4180 /wd4345 /wd4224 /wd4351 /analyze- /errorReport:prompt X86ATTInstPrinter.cpp X86AsmPrinter.cpp X86IntelInstPrinter.cpp X86MCInstLower.cpp  /Zm1000 
         X86ATTInstPrinter.cpp
         X86AsmPrinter.cpp
         X86IntelInstPrinter.cpp
         X86MCInstLower.cpp
         Generating Code...
       Lib:
         C:\Program Files\Microsoft Visual Studio 10.0\VC\bin\Lib.exe /OUT:"C:\Users\skinny\projects\lightspark\llvm\lib\Debug\LLVMX86AsmPrinter.lib" /NOLOGO LLVMX86AsmPrinter.dir\Debug\X86ATTInstPrinter.obj
         LLVMX86AsmPrinter.dir\Debug\X86AsmPrinter.obj
         LLVMX86AsmPrinter.dir\Debug\X86IntelInstPrinter.obj
         LLVMX86AsmPrinter.dir\Debug\X86MCInstLower.obj
         LLVMX86AsmPrinter.vcxproj -> C:\Users\skinny\projects\lightspark\llvm\lib\Debug\LLVMX86AsmPrinter.lib
       FinalizeBuildStatus:
         Deleting file "LLVMX86AsmPrinter.dir\Debug\LLVMX86AsmPrinter.unsuccessfulbuild".
         Touching "LLVMX86AsmPrinter.dir\Debug\LLVMX86AsmPrinter.lastbuildstate".
     1>Done Building Project "C:\Users\skinny\projects\lightspark\llvm\lib\Target\X86\AsmPrinter\LLVMX86AsmPrinter.vcxproj" (build target(s)).

Build succeeded.

Time Elapsed 00:00:06.41
