Build started 7/26/2010 1:12:25 PM.
     1>Project "C:\Users\skinny\projects\lightspark\llvm\lib\CodeGen\AsmPrinter\LLVMAsmPrinter.vcxproj" on node 3 (build target(s)).
     1>InitializeBuildStatus:
         Creating "LLVMAsmPrinter.dir\Debug\LLVMAsmPrinter.unsuccessfulbuild" because "AlwaysCreate" was specified.
       CustomBuild:
         Building Custom Rule C:/Users/skinny/projects/lightspark/llvm/lib/CodeGen/AsmPrinter/CMakeLists.txt
         CMake does not need to re-run because C:\Users\skinny\projects\lightspark\llvm\lib\CodeGen\AsmPrinter\CMakeFiles\generate.stamp is up-to-date.
       ClCompile:
         C:\Program Files\Microsoft Visual Studio 10.0\VC\bin\CL.exe /c /IC:/Users/skinny/projects/lightspark/llvm/include /Zi /nologo /W3 /WX- /Od /Ob0 /Oy- /D WIN32 /D _WINDOWS /D _DEBUG /D __STDC_LIMIT_MACROS /D __STDC_CONSTANT_MACROS /D _CRT_SECURE_NO_DEPRECATE /D _CRT_SECURE_NO_WARNINGS /D _SCL_SECURE_NO_WARNINGS /D CRT_NONSTDC_NO_WARNINGS /D _SCL_SECURE_NO_DEPRECATE /D "CMAKE_INTDIR=\"Debug\"" /D _MBCS /Gm- /EHsc /RTC1 /MDd /GS /fp:precise /Zc:wchar_t /Zc:forScope /GR /Fo"LLVMAsmPrinter.dir\Debug\\" /Fd"C:/Users/skinny/projects/lightspark/llvm/lib/Debug/LLVMAsmPrinter.pdb" /Gd /TP /wd4146 /wd4503 /wd4996 /wd4800 /wd4244 /wd4624 /wd4355 /wd4715 /wd4180 /wd4345 /wd4224 /wd4351 /analyze- /errorReport:prompt AsmPrinter.cpp DIE.cpp DwarfDebug.cpp DwarfException.cpp DwarfLabel.cpp DwarfPrinter.cpp DwarfWriter.cpp OcamlGCPrinter.cpp  /Zm1000 
         AsmPrinter.cpp
         DIE.cpp
         DwarfDebug.cpp
         DwarfException.cpp
         DwarfLabel.cpp
         DwarfPrinter.cpp
         DwarfWriter.cpp
         OcamlGCPrinter.cpp
         Generating Code...
       Lib:
         C:\Program Files\Microsoft Visual Studio 10.0\VC\bin\Lib.exe /OUT:"C:\Users\skinny\projects\lightspark\llvm\lib\Debug\LLVMAsmPrinter.lib" /NOLOGO LLVMAsmPrinter.dir\Debug\AsmPrinter.obj
         LLVMAsmPrinter.dir\Debug\DIE.obj
         LLVMAsmPrinter.dir\Debug\DwarfDebug.obj
         LLVMAsmPrinter.dir\Debug\DwarfException.obj
         LLVMAsmPrinter.dir\Debug\DwarfLabel.obj
         LLVMAsmPrinter.dir\Debug\DwarfPrinter.obj
         LLVMAsmPrinter.dir\Debug\DwarfWriter.obj
         LLVMAsmPrinter.dir\Debug\OcamlGCPrinter.obj
         LLVMAsmPrinter.vcxproj -> C:\Users\skinny\projects\lightspark\llvm\lib\Debug\LLVMAsmPrinter.lib
       FinalizeBuildStatus:
         Deleting file "LLVMAsmPrinter.dir\Debug\LLVMAsmPrinter.unsuccessfulbuild".
         Touching "LLVMAsmPrinter.dir\Debug\LLVMAsmPrinter.lastbuildstate".
     1>Done Building Project "C:\Users\skinny\projects\lightspark\llvm\lib\CodeGen\AsmPrinter\LLVMAsmPrinter.vcxproj" (build target(s)).

Build succeeded.

Time Elapsed 00:00:13.43
