Build started 7/26/2010 1:46:55 PM.
     1>Project "C:\Users\skinny\projects\lightspark\llvm\examples\BrainF\BrainF.vcxproj" on node 2 (build target(s)).
     1>InitializeBuildStatus:
         Touching "BrainF.dir\Debug\BrainF.unsuccessfulbuild".
       CustomBuild:
         All outputs are up-to-date.
       ClCompile:
         All outputs are up-to-date.
       ManifestResourceCompile:
         All outputs are up-to-date.
       Link:
         C:\Program Files\Microsoft Visual Studio 10.0\VC\bin\link.exe /ERRORREPORT:PROMPT /OUT:"C:\Users\skinny\projects\lightspark\llvm\bin\Debug\BrainF.exe" /VERSION:"0.0" /INCREMENTAL /NOLOGO kernel32.lib user32.lib gdi32.lib winspool.lib shell32.lib ole32.lib oleaut32.lib uuid.lib comdlg32.lib advapi32.lib ..\..\lib\Debug\LLVMJIT.lib ..\..\lib\Debug\LLVMBitWriter.lib ..\..\lib\Debug\LLVMX86CodeGen.lib ..\..\lib\Debug\LLVMInterpreter.lib ..\..\lib\Debug\LLVMSelectionDAG.lib ..\..\lib\Debug\LLVMX86Info.lib ..\..\lib\Debug\LLVMExecutionEngine.lib ..\..\lib\Debug\LLVMAsmPrinter.lib ..\..\lib\Debug\LLVMCodeGen.lib ..\..\lib\Debug\LLVMScalarOpts.lib ..\..\lib\Debug\LLVMInstCombine.lib ..\..\lib\Debug\LLVMTransformUtils.lib ..\..\lib\Debug\LLVMipa.lib ..\..\lib\Debug\LLVMAnalysis.lib ..\..\lib\Debug\LLVMTarget.lib ..\..\lib\Debug\LLVMCore.lib ..\..\lib\Debug\LLVMMC.lib ..\..\lib\Debug\LLVMSupport.lib ..\..\lib\Debug\LLVMSystem.lib /MANIFEST /ManifestFile:"BrainF.dir\Debug\BrainF.exe.intermediate.manifest" /MANIFESTUAC:"level='asInvoker' uiAccess='false'" /DEBUG /PDB:"C:\Users\skinny\projects\lightspark\llvm\bin\Debug\BrainF.pdb" /SUBSYSTEM:CONSOLE /STACK:"10000000" /TLBID:1 /DYNAMICBASE /NXCOMPAT /IMPLIB:"C:/Users/skinny/projects/lightspark/llvm/lib/Debug/BrainF.lib" /MACHINE:X86 BrainF.dir\Debug\BrainF.exe.embed.manifest.res
         BrainF.dir\Debug\BrainF.obj
         BrainF.dir\Debug\BrainFDriver.obj  /machine:X86 /debug 
            Creating library C:/Users/skinny/projects/lightspark/llvm/lib/Debug/BrainF.lib and object C:/Users/skinny/projects/lightspark/llvm/lib/Debug/BrainF.exp
       Manifest:
         C:\Program Files\Microsoft SDKs\Windows\v7.0A\bin\mt.exe /nologo /verbose /out:"BrainF.dir\Debug\BrainF.exe.embed.manifest" /manifest BrainF.dir\Debug\BrainF.exe.intermediate.manifest
         C:\Program Files\Microsoft SDKs\Windows\v7.0A\bin\rc.exe /nologo /fo"BrainF.dir\Debug\BrainF.exe.embed.manifest.res" BrainF.dir\Debug\BrainF_manifest.rc 
       LinkEmbedManifest:
         C:\Program Files\Microsoft Visual Studio 10.0\VC\bin\link.exe /ERRORREPORT:PROMPT /OUT:"C:\Users\skinny\projects\lightspark\llvm\bin\Debug\BrainF.exe" /VERSION:"0.0" /INCREMENTAL /NOLOGO kernel32.lib user32.lib gdi32.lib winspool.lib shell32.lib ole32.lib oleaut32.lib uuid.lib comdlg32.lib advapi32.lib ..\..\lib\Debug\LLVMJIT.lib ..\..\lib\Debug\LLVMBitWriter.lib ..\..\lib\Debug\LLVMX86CodeGen.lib ..\..\lib\Debug\LLVMInterpreter.lib ..\..\lib\Debug\LLVMSelectionDAG.lib ..\..\lib\Debug\LLVMX86Info.lib ..\..\lib\Debug\LLVMExecutionEngine.lib ..\..\lib\Debug\LLVMAsmPrinter.lib ..\..\lib\Debug\LLVMCodeGen.lib ..\..\lib\Debug\LLVMScalarOpts.lib ..\..\lib\Debug\LLVMInstCombine.lib ..\..\lib\Debug\LLVMTransformUtils.lib ..\..\lib\Debug\LLVMipa.lib ..\..\lib\Debug\LLVMAnalysis.lib ..\..\lib\Debug\LLVMTarget.lib ..\..\lib\Debug\LLVMCore.lib ..\..\lib\Debug\LLVMMC.lib ..\..\lib\Debug\LLVMSupport.lib ..\..\lib\Debug\LLVMSystem.lib /MANIFEST /ManifestFile:"BrainF.dir\Debug\BrainF.exe.intermediate.manifest" /MANIFESTUAC:"level='asInvoker' uiAccess='false'" /DEBUG /PDB:"C:\Users\skinny\projects\lightspark\llvm\bin\Debug\BrainF.pdb" /SUBSYSTEM:CONSOLE /STACK:"10000000" /TLBID:1 /DYNAMICBASE /NXCOMPAT /IMPLIB:"C:/Users/skinny/projects/lightspark/llvm/lib/Debug/BrainF.lib" /MACHINE:X86 BrainF.dir\Debug\BrainF.exe.embed.manifest.res
         BrainF.dir\Debug\BrainF.obj
         BrainF.dir\Debug\BrainFDriver.obj  /machine:X86 /debug 
            Creating library C:/Users/skinny/projects/lightspark/llvm/lib/Debug/BrainF.lib and object C:/Users/skinny/projects/lightspark/llvm/lib/Debug/BrainF.exp
         BrainF.vcxproj -> C:\Users\skinny\projects\lightspark\llvm\bin\Debug\BrainF.exe
       FinalizeBuildStatus:
         Deleting file "BrainF.dir\Debug\BrainF.unsuccessfulbuild".
         Touching "BrainF.dir\Debug\BrainF.lastbuildstate".
     1>Done Building Project "C:\Users\skinny\projects\lightspark\llvm\examples\BrainF\BrainF.vcxproj" (build target(s)).

Build succeeded.

Time Elapsed 00:00:29.55
