Build started 7/26/2010 1:17:55 PM.
     1>Project "C:\Users\skinny\projects\lightspark\llvm\lib\Target\X86\AsmParser\LLVMX86AsmParser.vcxproj" on node 3 (build target(s)).
     1>InitializeBuildStatus:
         Creating "LLVMX86AsmParser.dir\Debug\LLVMX86AsmParser.unsuccessfulbuild" because "AlwaysCreate" was specified.
       CustomBuild:
         Building Custom Rule C:/Users/skinny/projects/lightspark/llvm/lib/Target/X86/AsmParser/CMakeLists.txt
         CMake does not need to re-run because C:\Users\skinny\projects\lightspark\llvm\lib\Target\X86\AsmParser\CMakeFiles\generate.stamp is up-to-date.
       ClCompile:
         C:\Program Files\Microsoft Visual Studio 10.0\VC\bin\CL.exe /c /IC:/Users/skinny/projects/lightspark/llvm/include /IC:/Users/skinny/projects/lightspark/llvm/lib/Target/X86/AsmParser/.. /Zi /nologo /W3 /WX- /Od /Ob0 /Oy- /D WIN32 /D _WINDOWS /D _DEBUG /D __STDC_LIMIT_MACROS /D __STDC_CONSTANT_MACROS /D _CRT_SECURE_NO_DEPRECATE /D _CRT_SECURE_NO_WARNINGS /D _SCL_SECURE_NO_WARNINGS /D CRT_NONSTDC_NO_WARNINGS /D _SCL_SECURE_NO_DEPRECATE /D "CMAKE_INTDIR=\"Debug\"" /D _MBCS /Gm- /EHsc /RTC1 /MDd /GS /fp:precise /Zc:wchar_t /Zc:forScope /GR /Fo"LLVMX86AsmParser.dir\Debug\\" /Fd"C:/Users/skinny/projects/lightspark/llvm/lib/Debug/LLVMX86AsmParser.pdb" /Gd /TP /wd4146 /wd4503 /wd4996 /wd4800 /wd4244 /wd4624 /wd4355 /wd4715 /wd4180 /wd4345 /wd4224 /wd4351 /analyze- /errorReport:prompt X86AsmLexer.cpp X86AsmParser.cpp  /Zm1000 
         X86AsmLexer.cpp
         X86AsmParser.cpp
         Generating Code...
       Lib:
         C:\Program Files\Microsoft Visual Studio 10.0\VC\bin\Lib.exe /OUT:"C:\Users\skinny\projects\lightspark\llvm\lib\Debug\LLVMX86AsmParser.lib" /NOLOGO LLVMX86AsmParser.dir\Debug\X86AsmLexer.obj
         LLVMX86AsmParser.dir\Debug\X86AsmParser.obj
         LLVMX86AsmParser.vcxproj -> C:\Users\skinny\projects\lightspark\llvm\lib\Debug\LLVMX86AsmParser.lib
       FinalizeBuildStatus:
         Deleting file "LLVMX86AsmParser.dir\Debug\LLVMX86AsmParser.unsuccessfulbuild".
         Touching "LLVMX86AsmParser.dir\Debug\LLVMX86AsmParser.lastbuildstate".
     1>Done Building Project "C:\Users\skinny\projects\lightspark\llvm\lib\Target\X86\AsmParser\LLVMX86AsmParser.vcxproj" (build target(s)).

Build succeeded.

Time Elapsed 00:00:01.96
