Build started 7/26/2010 1:16:23 PM.
     1>Project "C:\Users\skinny\projects\lightspark\llvm\lib\ExecutionEngine\JIT\LLVMJIT.vcxproj" on node 2 (build target(s)).
     1>InitializeBuildStatus:
         Creating "LLVMJIT.dir\Debug\LLVMJIT.unsuccessfulbuild" because "AlwaysCreate" was specified.
       CustomBuild:
         Building Custom Rule C:/Users/skinny/projects/lightspark/llvm/lib/ExecutionEngine/JIT/CMakeLists.txt
         CMake does not need to re-run because C:\Users\skinny\projects\lightspark\llvm\lib\ExecutionEngine\JIT\CMakeFiles\generate.stamp is up-to-date.
       ClCompile:
         C:\Program Files\Microsoft Visual Studio 10.0\VC\bin\CL.exe /c /IC:/Users/skinny/projects/lightspark/llvm/include /Zi /nologo /W3 /WX- /Od /Ob0 /Oy- /D WIN32 /D _WINDOWS /D _DEBUG /D __STDC_LIMIT_MACROS /D __STDC_CONSTANT_MACROS /D _CRT_SECURE_NO_DEPRECATE /D _CRT_SECURE_NO_WARNINGS /D _SCL_SECURE_NO_WARNINGS /D CRT_NONSTDC_NO_WARNINGS /D _SCL_SECURE_NO_DEPRECATE /D ENABLE_X86_JIT /D "CMAKE_INTDIR=\"Debug\"" /D _MBCS /Gm- /EHsc /RTC1 /MDd /GS /fp:precise /Zc:wchar_t /Zc:forScope /GR /Fo"LLVMJIT.dir\Debug\\" /Fd"C:/Users/skinny/projects/lightspark/llvm/lib/Debug/LLVMJIT.pdb" /Gd /TP /wd4146 /wd4503 /wd4996 /wd4800 /wd4244 /wd4624 /wd4355 /wd4715 /wd4180 /wd4345 /wd4224 /wd4351 /analyze- /errorReport:prompt Intercept.cpp JIT.cpp JITDebugRegisterer.cpp JITDwarfEmitter.cpp JITEmitter.cpp JITMemoryManager.cpp OProfileJITEventListener.cpp TargetSelect.cpp  /Zm1000 
         Intercept.cpp
         JIT.cpp
         JITDebugRegisterer.cpp
         JITDwarfEmitter.cpp
         JITEmitter.cpp
         JITMemoryManager.cpp
         OProfileJITEventListener.cpp
         TargetSelect.cpp
         Generating Code...
       Lib:
         C:\Program Files\Microsoft Visual Studio 10.0\VC\bin\Lib.exe /OUT:"C:\Users\skinny\projects\lightspark\llvm\lib\Debug\LLVMJIT.lib" /NOLOGO LLVMJIT.dir\Debug\Intercept.obj
         LLVMJIT.dir\Debug\JIT.obj
         LLVMJIT.dir\Debug\JITDebugRegisterer.obj
         LLVMJIT.dir\Debug\JITDwarfEmitter.obj
         LLVMJIT.dir\Debug\JITEmitter.obj
         LLVMJIT.dir\Debug\JITMemoryManager.obj
         LLVMJIT.dir\Debug\OProfileJITEventListener.obj
         LLVMJIT.dir\Debug\TargetSelect.obj
         LLVMJIT.vcxproj -> C:\Users\skinny\projects\lightspark\llvm\lib\Debug\LLVMJIT.lib
       FinalizeBuildStatus:
         Deleting file "LLVMJIT.dir\Debug\LLVMJIT.unsuccessfulbuild".
         Touching "LLVMJIT.dir\Debug\LLVMJIT.lastbuildstate".
     1>Done Building Project "C:\Users\skinny\projects\lightspark\llvm\lib\ExecutionEngine\JIT\LLVMJIT.vcxproj" (build target(s)).

Build succeeded.

Time Elapsed 00:00:10.00
