C:\USERS\SKINNY\PROJECTS\LIGHTSPARK\CURL-7.20.1\SRC\CMAKEFILES\GENERATE.STAMP
C:\Users\skinny\projects\lightspark\curl-7.20.1\src\curl.dir\Debug\cl.command.1.tlog
C:\Users\skinny\projects\lightspark\curl-7.20.1\src\curl.dir\Debug\CL.read.1.tlog
C:\Users\skinny\projects\lightspark\curl-7.20.1\src\curl.dir\Debug\CL.write.1.tlog
C:\Users\skinny\projects\lightspark\curl-7.20.1\src\curl.dir\Debug\curl.exe.embed.manifest
C:\USERS\SKINNY\PROJECTS\LIGHTSPARK\CURL-7.20.1\SRC\CURL.DIR\DEBUG\CURL.EXE.EMBED.MANIFEST.RES
C:\USERS\SKINNY\PROJECTS\LIGHTSPARK\CURL-7.20.1\SRC\CURL.DIR\DEBUG\CURL.EXE.INTERMEDIATE.MANIFEST
C:\Users\skinny\projects\lightspark\curl-7.20.1\src\curl.dir\Debug\curl.write.1.tlog
C:\Users\skinny\projects\lightspark\curl-7.20.1\src\curl.dir\Debug\curl_manifest.rc
C:\USERS\SKINNY\PROJECTS\LIGHTSPARK\CURL-7.20.1\SRC\CURL.DIR\DEBUG\CURLUTIL.OBJ
C:\Users\skinny\projects\lightspark\curl-7.20.1\src\curl.dir\Debug\custombuild.command.1.tlog
C:\Users\skinny\projects\lightspark\curl-7.20.1\src\curl.dir\Debug\custombuild.read.1.tlog
C:\Users\skinny\projects\lightspark\curl-7.20.1\src\curl.dir\Debug\custombuild.write.1.tlog
C:\USERS\SKINNY\PROJECTS\LIGHTSPARK\CURL-7.20.1\SRC\CURL.DIR\DEBUG\GETPASS.OBJ
C:\USERS\SKINNY\PROJECTS\LIGHTSPARK\CURL-7.20.1\SRC\CURL.DIR\DEBUG\HOMEDIR.OBJ
C:\USERS\SKINNY\PROJECTS\LIGHTSPARK\CURL-7.20.1\SRC\CURL.DIR\DEBUG\HUGEHELP.OBJ
C:\Users\skinny\projects\lightspark\curl-7.20.1\src\curl.dir\Debug\link.command.1.tlog
C:\Users\skinny\projects\lightspark\curl-7.20.1\src\curl.dir\Debug\link.read.1.tlog
C:\Users\skinny\projects\lightspark\curl-7.20.1\src\curl.dir\Debug\link.write.1.tlog
C:\Users\skinny\projects\lightspark\curl-7.20.1\src\curl.dir\Debug\link-cvtres.read.1.tlog
C:\Users\skinny\projects\lightspark\curl-7.20.1\src\curl.dir\Debug\link-cvtres.write.1.tlog
C:\USERS\SKINNY\PROJECTS\LIGHTSPARK\CURL-7.20.1\SRC\CURL.DIR\DEBUG\MAIN.OBJ
C:\Users\skinny\projects\lightspark\curl-7.20.1\src\curl.dir\Debug\mt.command.1.tlog
C:\Users\skinny\projects\lightspark\curl-7.20.1\src\curl.dir\Debug\mt.read.1.tlog
C:\Users\skinny\projects\lightspark\curl-7.20.1\src\curl.dir\Debug\mt.write.1.tlog
C:\USERS\SKINNY\PROJECTS\LIGHTSPARK\CURL-7.20.1\SRC\CURL.DIR\DEBUG\NONBLOCK.OBJ
C:\USERS\SKINNY\PROJECTS\LIGHTSPARK\CURL-7.20.1\SRC\CURL.DIR\DEBUG\OS-SPECIFIC.OBJ
C:\USERS\SKINNY\PROJECTS\LIGHTSPARK\CURL-7.20.1\SRC\CURL.DIR\DEBUG\RAWSTR.OBJ
C:\Users\skinny\projects\lightspark\curl-7.20.1\src\curl.dir\Debug\rc.command.1.tlog
C:\Users\skinny\projects\lightspark\curl-7.20.1\src\curl.dir\Debug\rc.read.1.tlog
C:\Users\skinny\projects\lightspark\curl-7.20.1\src\curl.dir\Debug\rc.write.1.tlog
C:\USERS\SKINNY\PROJECTS\LIGHTSPARK\CURL-7.20.1\SRC\CURL.DIR\DEBUG\STRDUP.OBJ
C:\USERS\SKINNY\PROJECTS\LIGHTSPARK\CURL-7.20.1\SRC\CURL.DIR\DEBUG\STRTOOFFT.OBJ
C:\USERS\SKINNY\PROJECTS\LIGHTSPARK\CURL-7.20.1\SRC\CURL.DIR\DEBUG\URLGLOB.OBJ
C:\USERS\SKINNY\PROJECTS\LIGHTSPARK\CURL-7.20.1\SRC\CURL.DIR\DEBUG\WRITEENV.OBJ
C:\USERS\SKINNY\PROJECTS\LIGHTSPARK\CURL-7.20.1\SRC\CURL.DIR\DEBUG\WRITEOUT.OBJ
C:\USERS\SKINNY\PROJECTS\LIGHTSPARK\CURL-7.20.1\SRC\CURL.PDB
C:\USERS\SKINNY\PROJECTS\LIGHTSPARK\CURL-7.20.1\SRC\DEBUG\CURL.EXE
C:\USERS\SKINNY\PROJECTS\LIGHTSPARK\CURL-7.20.1\SRC\DEBUG\CURL.ILK
C:\USERS\SKINNY\PROJECTS\LIGHTSPARK\CURL-7.20.1\SRC\DEBUG\CURL.PDB
