Build started 7/26/2010 1:12:39 PM.
     1>Project "C:\Users\skinny\projects\lightspark\llvm\lib\Target\X86\X86CodeGenTable_gen.vcxproj" on node 2 (build target(s)).
     1>InitializeBuildStatus:
         Creating "Debug\X86CodeGenTable_gen.unsuccessfulbuild" because "AlwaysCreate" was specified.
       CustomBuild:
         Building X86GenRegisterInfo.h.inc...
         Building X86GenRegisterNames.inc...
         Building X86GenRegisterInfo.inc...
         Building X86GenDisassemblerTables.inc...
         Building X86GenInstrNames.inc...
         Building X86GenInstrInfo.inc...
         Building X86GenAsmWriter.inc...
         Building X86GenAsmWriter1.inc...
         Building X86GenAsmMatcher.inc...
         Building X86GenDAGISel.inc...
         Building X86GenFastISel.inc...
         Building X86GenCallingConv.inc...
         Building X86GenSubtarget.inc...
         Building Custom Rule C:/Users/skinny/projects/lightspark/llvm/lib/Target/X86/CMakeLists.txt
         CMake does not need to re-run because C:\Users\skinny\projects\lightspark\llvm\lib\Target\X86\CMakeFiles\generate.stamp is up-to-date.
       FinalizeBuildStatus:
         Deleting file "Debug\X86CodeGenTable_gen.unsuccessfulbuild".
         Touching "Debug\X86CodeGenTable_gen.lastbuildstate".
     1>Done Building Project "C:\Users\skinny\projects\lightspark\llvm\lib\Target\X86\X86CodeGenTable_gen.vcxproj" (build target(s)).

Build succeeded.

Time Elapsed 00:01:46.22
