Build started 7/26/2010 12:03:52 PM.
     1>Project "C:\Users\skinny\projects\lightspark\llvm\win32\ALL_BUILD.vcxproj" on node 3 (build target(s)).
     1>C:\Windows\Microsoft.NET\Framework\v4.0.30319\Microsoft.Common.Targets(1200,9): warning : The referenced project 'C:/Users/skinny/projects/lightspark/lib/llvm-2.7/win32/utils/TableGen/tblgen.vcxproj' does not exist.
     1>C:\Windows\Microsoft.NET\Framework\v4.0.30319\Microsoft.Common.Targets(1200,9): warning : The referenced project 'C:/Users/skinny/projects/lightspark/lib/llvm-2.7/win32/lib/System/LLVMSystem.vcxproj' does not exist.
     1>C:\Windows\Microsoft.NET\Framework\v4.0.30319\Microsoft.Common.Targets(1200,9): warning : The referenced project 'C:/Users/skinny/projects/lightspark/lib/llvm-2.7/win32/include/llvm/intrinsics_gen.vcxproj' does not exist.
     1>C:\Windows\Microsoft.NET\Framework\v4.0.30319\Microsoft.Common.Targets(1200,9): warning : The referenced project 'C:/Users/skinny/projects/lightspark/lib/llvm-2.7/win32/lib/VMCore/LLVMCore.vcxproj' does not exist.
     1>C:\Windows\Microsoft.NET\Framework\v4.0.30319\Microsoft.Common.Targets(1200,9): warning : The referenced project 'C:/Users/skinny/projects/lightspark/lib/llvm-2.7/win32/lib/CodeGen/LLVMCodeGen.vcxproj' does not exist.
     1>C:\Windows\Microsoft.NET\Framework\v4.0.30319\Microsoft.Common.Targets(1200,9): warning : The referenced project 'C:/Users/skinny/projects/lightspark/lib/llvm-2.7/win32/lib/CodeGen/SelectionDAG/LLVMSelectionDAG.vcxproj' does not exist.
     1>C:\Windows\Microsoft.NET\Framework\v4.0.30319\Microsoft.Common.Targets(1200,9): warning : The referenced project 'C:/Users/skinny/projects/lightspark/lib/llvm-2.7/win32/lib/CodeGen/AsmPrinter/LLVMAsmPrinter.vcxproj' does not exist.
     1>C:\Windows\Microsoft.NET\Framework\v4.0.30319\Microsoft.Common.Targets(1200,9): warning : The referenced project 'C:/Users/skinny/projects/lightspark/lib/llvm-2.7/win32/lib/Bitcode/Reader/LLVMBitReader.vcxproj' does not exist.
     1>C:\Windows\Microsoft.NET\Framework\v4.0.30319\Microsoft.Common.Targets(1200,9): warning : The referenced project 'C:/Users/skinny/projects/lightspark/lib/llvm-2.7/win32/lib/Bitcode/Writer/LLVMBitWriter.vcxproj' does not exist.
     1>C:\Windows\Microsoft.NET\Framework\v4.0.30319\Microsoft.Common.Targets(1200,9): warning : The referenced project 'C:/Users/skinny/projects/lightspark/lib/llvm-2.7/win32/lib/Transforms/Utils/LLVMTransformUtils.vcxproj' does not exist.
     1>C:\Windows\Microsoft.NET\Framework\v4.0.30319\Microsoft.Common.Targets(1200,9): warning : The referenced project 'C:/Users/skinny/projects/lightspark/lib/llvm-2.7/win32/lib/Transforms/Instrumentation/LLVMInstrumentation.vcxproj' does not exist.
     1>C:\Windows\Microsoft.NET\Framework\v4.0.30319\Microsoft.Common.Targets(1200,9): warning : The referenced project 'C:/Users/skinny/projects/lightspark/lib/llvm-2.7/win32/lib/Transforms/InstCombine/LLVMInstCombine.vcxproj' does not exist.
     1>C:\Windows\Microsoft.NET\Framework\v4.0.30319\Microsoft.Common.Targets(1200,9): warning : The referenced project 'C:/Users/skinny/projects/lightspark/lib/llvm-2.7/win32/lib/Transforms/Scalar/LLVMScalarOpts.vcxproj' does not exist.
     1>C:\Windows\Microsoft.NET\Framework\v4.0.30319\Microsoft.Common.Targets(1200,9): warning : The referenced project 'C:/Users/skinny/projects/lightspark/lib/llvm-2.7/win32/lib/Transforms/IPO/LLVMipo.vcxproj' does not exist.
     1>C:\Windows\Microsoft.NET\Framework\v4.0.30319\Microsoft.Common.Targets(1200,9): warning : The referenced project 'C:/Users/skinny/projects/lightspark/lib/llvm-2.7/win32/lib/Support/LLVMSupport.vcxproj' does not exist.
     1>C:\Windows\Microsoft.NET\Framework\v4.0.30319\Microsoft.Common.Targets(1200,9): warning : The referenced project 'C:/Users/skinny/projects/lightspark/lib/llvm-2.7/win32/lib/Linker/LLVMLinker.vcxproj' does not exist.
     1>C:\Windows\Microsoft.NET\Framework\v4.0.30319\Microsoft.Common.Targets(1200,9): warning : The referenced project 'C:/Users/skinny/projects/lightspark/lib/llvm-2.7/win32/lib/Analysis/LLVMAnalysis.vcxproj' does not exist.
     1>C:\Windows\Microsoft.NET\Framework\v4.0.30319\Microsoft.Common.Targets(1200,9): warning : The referenced project 'C:/Users/skinny/projects/lightspark/lib/llvm-2.7/win32/lib/Analysis/IPA/LLVMipa.vcxproj' does not exist.
     1>C:\Windows\Microsoft.NET\Framework\v4.0.30319\Microsoft.Common.Targets(1200,9): warning : The referenced project 'C:/Users/skinny/projects/lightspark/lib/llvm-2.7/win32/lib/MC/LLVMMC.vcxproj' does not exist.
     1>C:\Windows\Microsoft.NET\Framework\v4.0.30319\Microsoft.Common.Targets(1200,9): warning : The referenced project 'C:/Users/skinny/projects/lightspark/lib/llvm-2.7/win32/lib/MC/MCParser/LLVMMCParser.vcxproj' does not exist.
     1>C:\Windows\Microsoft.NET\Framework\v4.0.30319\Microsoft.Common.Targets(1200,9): warning : The referenced project 'C:/Users/skinny/projects/lightspark/lib/llvm-2.7/win32/utils/FileCheck/FileCheck.vcxproj' does not exist.
     1>C:\Windows\Microsoft.NET\Framework\v4.0.30319\Microsoft.Common.Targets(1200,9): warning : The referenced project 'C:/Users/skinny/projects/lightspark/lib/llvm-2.7/win32/utils/count/count.vcxproj' does not exist.
     1>C:\Windows\Microsoft.NET\Framework\v4.0.30319\Microsoft.Common.Targets(1200,9): warning : The referenced project 'C:/Users/skinny/projects/lightspark/lib/llvm-2.7/win32/utils/not/not.vcxproj' does not exist.
     1>C:\Windows\Microsoft.NET\Framework\v4.0.30319\Microsoft.Common.Targets(1200,9): warning : The referenced project 'C:/Users/skinny/projects/lightspark/lib/llvm-2.7/win32/lib/Target/X86/LLVMX86CodeGen.vcxproj' does not exist.
     1>C:\Windows\Microsoft.NET\Framework\v4.0.30319\Microsoft.Common.Targets(1200,9): warning : The referenced project 'C:/Users/skinny/projects/lightspark/lib/llvm-2.7/win32/lib/Target/X86/TargetInfo/LLVMX86Info.vcxproj' does not exist.
     1>C:\Windows\Microsoft.NET\Framework\v4.0.30319\Microsoft.Common.Targets(1200,9): warning : The referenced project 'C:/Users/skinny/projects/lightspark/lib/llvm-2.7/win32/lib/Target/X86/AsmPrinter/LLVMX86AsmPrinter.vcxproj' does not exist.
     1>C:\Windows\Microsoft.NET\Framework\v4.0.30319\Microsoft.Common.Targets(1200,9): warning : The referenced project 'C:/Users/skinny/projects/lightspark/lib/llvm-2.7/win32/lib/Target/X86/AsmParser/LLVMX86AsmParser.vcxproj' does not exist.
     1>C:\Windows\Microsoft.NET\Framework\v4.0.30319\Microsoft.Common.Targets(1200,9): warning : The referenced project 'C:/Users/skinny/projects/lightspark/lib/llvm-2.7/win32/lib/Target/X86/Disassembler/LLVMX86Disassembler.vcxproj' does not exist.
     1>C:\Windows\Microsoft.NET\Framework\v4.0.30319\Microsoft.Common.Targets(1200,9): warning : The referenced project 'C:/Users/skinny/projects/lightspark/lib/llvm-2.7/win32/lib/ExecutionEngine/LLVMExecutionEngine.vcxproj' does not exist.
     1>C:\Windows\Microsoft.NET\Framework\v4.0.30319\Microsoft.Common.Targets(1200,9): warning : The referenced project 'C:/Users/skinny/projects/lightspark/lib/llvm-2.7/win32/lib/ExecutionEngine/Interpreter/LLVMInterpreter.vcxproj' does not exist.
     1>C:\Windows\Microsoft.NET\Framework\v4.0.30319\Microsoft.Common.Targets(1200,9): warning : The referenced project 'C:/Users/skinny/projects/lightspark/lib/llvm-2.7/win32/lib/ExecutionEngine/JIT/LLVMJIT.vcxproj' does not exist.
     1>C:\Windows\Microsoft.NET\Framework\v4.0.30319\Microsoft.Common.Targets(1200,9): warning : The referenced project 'C:/Users/skinny/projects/lightspark/lib/llvm-2.7/win32/lib/Target/LLVMTarget.vcxproj' does not exist.
     1>C:\Windows\Microsoft.NET\Framework\v4.0.30319\Microsoft.Common.Targets(1200,9): warning : The referenced project 'C:/Users/skinny/projects/lightspark/lib/llvm-2.7/win32/lib/AsmParser/LLVMAsmParser.vcxproj' does not exist.
     1>C:\Windows\Microsoft.NET\Framework\v4.0.30319\Microsoft.Common.Targets(1200,9): warning : The referenced project 'C:/Users/skinny/projects/lightspark/lib/llvm-2.7/win32/lib/Archive/LLVMArchive.vcxproj' does not exist.
     1>C:\Windows\Microsoft.NET\Framework\v4.0.30319\Microsoft.Common.Targets(1200,9): warning : The referenced project 'C:/Users/skinny/projects/lightspark/lib/llvm-2.7/win32/tools/opt/opt.vcxproj' does not exist.
     1>C:\Windows\Microsoft.NET\Framework\v4.0.30319\Microsoft.Common.Targets(1200,9): warning : The referenced project 'C:/Users/skinny/projects/lightspark/lib/llvm-2.7/win32/tools/llvm-as/llvm-as.vcxproj' does not exist.
     1>C:\Windows\Microsoft.NET\Framework\v4.0.30319\Microsoft.Common.Targets(1200,9): warning : The referenced project 'C:/Users/skinny/projects/lightspark/lib/llvm-2.7/win32/tools/llvm-dis/llvm-dis.vcxproj' does not exist.
     1>C:\Windows\Microsoft.NET\Framework\v4.0.30319\Microsoft.Common.Targets(1200,9): warning : The referenced project 'C:/Users/skinny/projects/lightspark/lib/llvm-2.7/win32/tools/llvm-mc/llvm-mc.vcxproj' does not exist.
     1>C:\Windows\Microsoft.NET\Framework\v4.0.30319\Microsoft.Common.Targets(1200,9): warning : The referenced project 'C:/Users/skinny/projects/lightspark/lib/llvm-2.7/win32/tools/llc/llc.vcxproj' does not exist.
     1>C:\Windows\Microsoft.NET\Framework\v4.0.30319\Microsoft.Common.Targets(1200,9): warning : The referenced project 'C:/Users/skinny/projects/lightspark/lib/llvm-2.7/win32/tools/llvm-ranlib/llvm-ranlib.vcxproj' does not exist.
     1>C:\Windows\Microsoft.NET\Framework\v4.0.30319\Microsoft.Common.Targets(1200,9): warning : The referenced project 'C:/Users/skinny/projects/lightspark/lib/llvm-2.7/win32/tools/llvm-ar/llvm-ar.vcxproj' does not exist.
     1>C:\Windows\Microsoft.NET\Framework\v4.0.30319\Microsoft.Common.Targets(1200,9): warning : The referenced project 'C:/Users/skinny/projects/lightspark/lib/llvm-2.7/win32/tools/llvm-nm/llvm-nm.vcxproj' does not exist.
     1>C:\Windows\Microsoft.NET\Framework\v4.0.30319\Microsoft.Common.Targets(1200,9): warning : The referenced project 'C:/Users/skinny/projects/lightspark/lib/llvm-2.7/win32/tools/llvm-ld/llvm-ld.vcxproj' does not exist.
     1>C:\Windows\Microsoft.NET\Framework\v4.0.30319\Microsoft.Common.Targets(1200,9): warning : The referenced project 'C:/Users/skinny/projects/lightspark/lib/llvm-2.7/win32/tools/llvm-prof/llvm-prof.vcxproj' does not exist.
     1>C:\Windows\Microsoft.NET\Framework\v4.0.30319\Microsoft.Common.Targets(1200,9): warning : The referenced project 'C:/Users/skinny/projects/lightspark/lib/llvm-2.7/win32/tools/llvm-link/llvm-link.vcxproj' does not exist.
     1>C:\Windows\Microsoft.NET\Framework\v4.0.30319\Microsoft.Common.Targets(1200,9): warning : The referenced project 'C:/Users/skinny/projects/lightspark/lib/llvm-2.7/win32/tools/lli/lli.vcxproj' does not exist.
     1>C:\Windows\Microsoft.NET\Framework\v4.0.30319\Microsoft.Common.Targets(1200,9): warning : The referenced project 'C:/Users/skinny/projects/lightspark/lib/llvm-2.7/win32/tools/llvm-extract/llvm-extract.vcxproj' does not exist.
     1>C:\Windows\Microsoft.NET\Framework\v4.0.30319\Microsoft.Common.Targets(1200,9): warning : The referenced project 'C:/Users/skinny/projects/lightspark/lib/llvm-2.7/win32/tools/bugpoint/bugpoint.vcxproj' does not exist.
     1>C:\Windows\Microsoft.NET\Framework\v4.0.30319\Microsoft.Common.Targets(1200,9): warning : The referenced project 'C:/Users/skinny/projects/lightspark/lib/llvm-2.7/win32/tools/llvm-bcanalyzer/llvm-bcanalyzer.vcxproj' does not exist.
     1>C:\Windows\Microsoft.NET\Framework\v4.0.30319\Microsoft.Common.Targets(1200,9): warning : The referenced project 'C:/Users/skinny/projects/lightspark/lib/llvm-2.7/win32/tools/llvm-stub/llvm-stub.vcxproj' does not exist.
     1>C:\Windows\Microsoft.NET\Framework\v4.0.30319\Microsoft.Common.Targets(1200,9): warning : The referenced project 'C:/Users/skinny/projects/lightspark/lib/llvm-2.7/win32/ZERO_CHECK.vcxproj' does not exist.
     1>InitializeBuildStatus:
         Creating "Debug\ALL_BUILD.unsuccessfulbuild" because "AlwaysCreate" was specified.
       CustomBuild:
         Building Custom Rule C:/Users/skinny/projects/lightspark/lib/llvm-2.7/CMakeLists.txt
         CMake is re-running because C:\Users\skinny\projects\lightspark\lib\llvm-2.7\win32\CMakeFiles\generate.stamp dependency file is missing.
     1>CUSTOMBUILD : CMake error : The source directory "C:/Users/skinny/projects/lightspark/lib/llvm-2.7" does not appear to contain CMakeLists.txt.
         Specify --help for usage, or press the help button on the CMake GUI.
         The system cannot find the batch label specified - VCReportError
     1>Done Building Project "C:\Users\skinny\projects\lightspark\llvm\win32\ALL_BUILD.vcxproj" (build target(s)) -- FAILED.

Build FAILED.

Time Elapsed 00:00:00.22
