Build started 7/26/2010 1:15:24 PM.
     1>Project "C:\Users\skinny\projects\lightspark\llvm\lib\Target\X86\LLVMX86CodeGen.vcxproj" on node 3 (build target(s)).
     1>InitializeBuildStatus:
         Creating "LLVMX86CodeGen.dir\Debug\LLVMX86CodeGen.unsuccessfulbuild" because "AlwaysCreate" was specified.
       CustomBuild:
         Building X86GenRegisterInfo.h.inc...
         Building X86GenRegisterNames.inc...
         Building X86GenRegisterInfo.inc...
         Building X86GenDisassemblerTables.inc...
         Building X86GenInstrNames.inc...
         Building X86GenInstrInfo.inc...
         Building X86GenAsmWriter.inc...
         Building X86GenAsmWriter1.inc...
         Building X86GenAsmMatcher.inc...
         Building X86GenDAGISel.inc...
         Building X86GenFastISel.inc...
         Building X86GenCallingConv.inc...
         Building X86GenSubtarget.inc...
         Building Custom Rule C:/Users/skinny/projects/lightspark/llvm/lib/Target/X86/CMakeLists.txt
         CMake does not need to re-run because C:\Users\skinny\projects\lightspark\llvm\lib\Target\X86\CMakeFiles\generate.stamp is up-to-date.
       ClCompile:
         C:\Program Files\Microsoft Visual Studio 10.0\VC\bin\CL.exe /c /IC:/Users/skinny/projects/lightspark/llvm/lib/Target/X86 /IC:/Users/skinny/projects/lightspark/llvm/include /Zi /nologo /W3 /WX- /Od /Ob0 /Oy- /D WIN32 /D _WINDOWS /D _DEBUG /D __STDC_LIMIT_MACROS /D __STDC_CONSTANT_MACROS /D _CRT_SECURE_NO_DEPRECATE /D _CRT_SECURE_NO_WARNINGS /D _SCL_SECURE_NO_WARNINGS /D CRT_NONSTDC_NO_WARNINGS /D _SCL_SECURE_NO_DEPRECATE /D "CMAKE_INTDIR=\"Debug\"" /D _MBCS /Gm- /EHsc /RTC1 /MDd /GS /fp:precise /Zc:wchar_t /Zc:forScope /GR /Fo"LLVMX86CodeGen.dir\Debug\\" /Fd"C:/Users/skinny/projects/lightspark/llvm/lib/Debug/LLVMX86CodeGen.pdb" /Gd /TP /wd4146 /wd4503 /wd4996 /wd4800 /wd4244 /wd4624 /wd4355 /wd4715 /wd4180 /wd4345 /wd4224 /wd4351 /analyze- /errorReport:prompt X86AsmBackend.cpp X86CodeEmitter.cpp X86COFFMachineModuleInfo.cpp X86ELFWriterInfo.cpp X86FloatingPoint.cpp X86FloatingPointRegKill.cpp X86ISelDAGToDAG.cpp X86ISelLowering.cpp X86InstrInfo.cpp X86JITInfo.cpp X86MCAsmInfo.cpp X86MCCodeEmitter.cpp X86MCTargetExpr.cpp X86RegisterInfo.cpp X86Subtarget.cpp X86TargetMachine.cpp X86TargetObjectFile.cpp X86FastISel.cpp  /Zm1000 
         X86AsmBackend.cpp
         X86CodeEmitter.cpp
         X86COFFMachineModuleInfo.cpp
         X86ELFWriterInfo.cpp
         X86FloatingPoint.cpp
         X86FloatingPointRegKill.cpp
         X86ISelDAGToDAG.cpp
         X86ISelLowering.cpp
         X86InstrInfo.cpp
         X86JITInfo.cpp
         X86MCAsmInfo.cpp
         X86MCCodeEmitter.cpp
         X86MCTargetExpr.cpp
         X86RegisterInfo.cpp
         X86Subtarget.cpp
         X86TargetMachine.cpp
         X86TargetObjectFile.cpp
         X86FastISel.cpp
         Generating Code...
       Lib:
         C:\Program Files\Microsoft Visual Studio 10.0\VC\bin\Lib.exe /OUT:"C:\Users\skinny\projects\lightspark\llvm\lib\Debug\LLVMX86CodeGen.lib" /NOLOGO LLVMX86CodeGen.dir\Debug\X86AsmBackend.obj
         LLVMX86CodeGen.dir\Debug\X86CodeEmitter.obj
         LLVMX86CodeGen.dir\Debug\X86COFFMachineModuleInfo.obj
         LLVMX86CodeGen.dir\Debug\X86ELFWriterInfo.obj
         LLVMX86CodeGen.dir\Debug\X86FloatingPoint.obj
         LLVMX86CodeGen.dir\Debug\X86FloatingPointRegKill.obj
         LLVMX86CodeGen.dir\Debug\X86ISelDAGToDAG.obj
         LLVMX86CodeGen.dir\Debug\X86ISelLowering.obj
         LLVMX86CodeGen.dir\Debug\X86InstrInfo.obj
         LLVMX86CodeGen.dir\Debug\X86JITInfo.obj
         LLVMX86CodeGen.dir\Debug\X86MCAsmInfo.obj
         LLVMX86CodeGen.dir\Debug\X86MCCodeEmitter.obj
         LLVMX86CodeGen.dir\Debug\X86MCTargetExpr.obj
         LLVMX86CodeGen.dir\Debug\X86RegisterInfo.obj
         LLVMX86CodeGen.dir\Debug\X86Subtarget.obj
         LLVMX86CodeGen.dir\Debug\X86TargetMachine.obj
         LLVMX86CodeGen.dir\Debug\X86TargetObjectFile.obj
         LLVMX86CodeGen.dir\Debug\X86FastISel.obj
         LLVMX86CodeGen.vcxproj -> C:\Users\skinny\projects\lightspark\llvm\lib\Debug\LLVMX86CodeGen.lib
       FinalizeBuildStatus:
         Deleting file "LLVMX86CodeGen.dir\Debug\LLVMX86CodeGen.unsuccessfulbuild".
         Touching "LLVMX86CodeGen.dir\Debug\LLVMX86CodeGen.lastbuildstate".
     1>Done Building Project "C:\Users\skinny\projects\lightspark\llvm\lib\Target\X86\LLVMX86CodeGen.vcxproj" (build target(s)).

Build succeeded.

Time Elapsed 00:02:18.94
