Build started 7/26/2010 1:24:28 PM.
     1>Project "C:\Users\skinny\projects\lightspark\llvm\lib\Transforms\Instrumentation\LLVMInstrumentation.vcxproj" on node 3 (build target(s)).
     1>InitializeBuildStatus:
         Touching "LLVMInstrumentation.dir\Debug\LLVMInstrumentation.unsuccessfulbuild".
       CustomBuild:
         All outputs are up-to-date.
       ClCompile:
         C:\Program Files\Microsoft Visual Studio 10.0\VC\bin\CL.exe /c /IC:/Users/skinny/projects/lightspark/llvm/include /Zi /nologo /W3 /WX- /Od /Ob0 /Oy- /D WIN32 /D _WINDOWS /D _DEBUG /D __STDC_LIMIT_MACROS /D __STDC_CONSTANT_MACROS /D _CRT_SECURE_NO_DEPRECATE /D _CRT_SECURE_NO_WARNINGS /D _SCL_SECURE_NO_WARNINGS /D CRT_NONSTDC_NO_WARNINGS /D _SCL_SECURE_NO_DEPRECATE /D "CMAKE_INTDIR=\"Debug\"" /D _MBCS /Gm- /EHsc /RTC1 /MDd /GS /fp:precise /Zc:wchar_t /Zc:forScope /GR /Fo"LLVMInstrumentation.dir\Debug\\" /Fd"C:/Users/skinny/projects/lightspark/llvm/lib/Debug/LLVMInstrumentation.pdb" /Gd /TP /wd4146 /wd4503 /wd4996 /wd4800 /wd4244 /wd4624 /wd4355 /wd4715 /wd4180 /wd4345 /wd4224 /wd4351 /analyze- /errorReport:prompt OptimalEdgeProfiling.cpp  /Zm1000 
         OptimalEdgeProfiling.cpp
       Lib:
         C:\Program Files\Microsoft Visual Studio 10.0\VC\bin\Lib.exe /OUT:"C:\Users\skinny\projects\lightspark\llvm\lib\Debug\LLVMInstrumentation.lib" /NOLOGO LLVMInstrumentation.dir\Debug\EdgeProfiling.obj
         LLVMInstrumentation.dir\Debug\OptimalEdgeProfiling.obj
         LLVMInstrumentation.dir\Debug\ProfilingUtils.obj
         LLVMInstrumentation.vcxproj -> C:\Users\skinny\projects\lightspark\llvm\lib\Debug\LLVMInstrumentation.lib
       FinalizeBuildStatus:
         Deleting file "LLVMInstrumentation.dir\Debug\LLVMInstrumentation.unsuccessfulbuild".
         Touching "LLVMInstrumentation.dir\Debug\LLVMInstrumentation.lastbuildstate".
     1>Done Building Project "C:\Users\skinny\projects\lightspark\llvm\lib\Transforms\Instrumentation\LLVMInstrumentation.vcxproj" (build target(s)).

Build succeeded.

Time Elapsed 00:00:02.40
