Build started 7/26/2010 1:26:01 PM.
     1>Project "C:\Users\skinny\projects\lightspark\llvm\tools\opt\opt.vcxproj" on node 3 (build target(s)).
     1>InitializeBuildStatus:
         Touching "opt.dir\Debug\opt.unsuccessfulbuild".
       CustomBuild:
         All outputs are up-to-date.
       ClCompile:
         All outputs are up-to-date.
       ManifestResourceCompile:
         All outputs are up-to-date.
       Link:
         C:\Program Files\Microsoft Visual Studio 10.0\VC\bin\link.exe /ERRORREPORT:PROMPT /OUT:"C:\Users\skinny\projects\lightspark\llvm\bin\Debug\opt.exe" /VERSION:"0.0" /INCREMENTAL /NOLOGO kernel32.lib user32.lib gdi32.lib winspool.lib shell32.lib ole32.lib oleaut32.lib uuid.lib comdlg32.lib advapi32.lib ..\..\lib\Debug\LLVMBitReader.lib ..\..\lib\Debug\LLVMAsmParser.lib ..\..\lib\Debug\LLVMBitWriter.lib ..\..\lib\Debug\LLVMInstrumentation.lib ..\..\lib\Debug\LLVMScalarOpts.lib ..\..\lib\Debug\LLVMipo.lib ..\..\lib\Debug\LLVMInstCombine.lib ..\..\lib\Debug\LLVMTransformUtils.lib ..\..\lib\Debug\LLVMipa.lib ..\..\lib\Debug\LLVMAnalysis.lib ..\..\lib\Debug\LLVMTarget.lib ..\..\lib\Debug\LLVMCore.lib ..\..\lib\Debug\LLVMMC.lib ..\..\lib\Debug\LLVMSupport.lib ..\..\lib\Debug\LLVMSystem.lib /MANIFEST /ManifestFile:"opt.dir\Debug\opt.exe.intermediate.manifest" /MANIFESTUAC:"level='asInvoker' uiAccess='false'" /DEBUG /PDB:"C:\Users\skinny\projects\lightspark\llvm\bin\Debug\opt.pdb" /SUBSYSTEM:CONSOLE /STACK:"10000000" /TLBID:1 /DYNAMICBASE /NXCOMPAT /IMPLIB:"C:/Users/skinny/projects/lightspark/llvm/lib/Debug/opt.lib" /MACHINE:X86 opt.dir\Debug\opt.exe.embed.manifest.res
         opt.dir\Debug\AnalysisWrappers.obj
         opt.dir\Debug\GraphPrinters.obj
         opt.dir\Debug\PrintSCC.obj
         opt.dir\Debug\opt.obj  /machine:X86 /debug 
            Creating library C:/Users/skinny/projects/lightspark/llvm/lib/Debug/opt.lib and object C:/Users/skinny/projects/lightspark/llvm/lib/Debug/opt.exp
       Manifest:
         C:\Program Files\Microsoft SDKs\Windows\v7.0A\bin\mt.exe /nologo /verbose /out:"opt.dir\Debug\opt.exe.embed.manifest" /manifest opt.dir\Debug\opt.exe.intermediate.manifest
         C:\Program Files\Microsoft SDKs\Windows\v7.0A\bin\rc.exe /nologo /fo"opt.dir\Debug\opt.exe.embed.manifest.res" opt.dir\Debug\opt_manifest.rc 
       LinkEmbedManifest:
         C:\Program Files\Microsoft Visual Studio 10.0\VC\bin\link.exe /ERRORREPORT:PROMPT /OUT:"C:\Users\skinny\projects\lightspark\llvm\bin\Debug\opt.exe" /VERSION:"0.0" /INCREMENTAL /NOLOGO kernel32.lib user32.lib gdi32.lib winspool.lib shell32.lib ole32.lib oleaut32.lib uuid.lib comdlg32.lib advapi32.lib ..\..\lib\Debug\LLVMBitReader.lib ..\..\lib\Debug\LLVMAsmParser.lib ..\..\lib\Debug\LLVMBitWriter.lib ..\..\lib\Debug\LLVMInstrumentation.lib ..\..\lib\Debug\LLVMScalarOpts.lib ..\..\lib\Debug\LLVMipo.lib ..\..\lib\Debug\LLVMInstCombine.lib ..\..\lib\Debug\LLVMTransformUtils.lib ..\..\lib\Debug\LLVMipa.lib ..\..\lib\Debug\LLVMAnalysis.lib ..\..\lib\Debug\LLVMTarget.lib ..\..\lib\Debug\LLVMCore.lib ..\..\lib\Debug\LLVMMC.lib ..\..\lib\Debug\LLVMSupport.lib ..\..\lib\Debug\LLVMSystem.lib /MANIFEST /ManifestFile:"opt.dir\Debug\opt.exe.intermediate.manifest" /MANIFESTUAC:"level='asInvoker' uiAccess='false'" /DEBUG /PDB:"C:\Users\skinny\projects\lightspark\llvm\bin\Debug\opt.pdb" /SUBSYSTEM:CONSOLE /STACK:"10000000" /TLBID:1 /DYNAMICBASE /NXCOMPAT /IMPLIB:"C:/Users/skinny/projects/lightspark/llvm/lib/Debug/opt.lib" /MACHINE:X86 opt.dir\Debug\opt.exe.embed.manifest.res
         opt.dir\Debug\AnalysisWrappers.obj
         opt.dir\Debug\GraphPrinters.obj
         opt.dir\Debug\PrintSCC.obj
         opt.dir\Debug\opt.obj  /machine:X86 /debug 
            Creating library C:/Users/skinny/projects/lightspark/llvm/lib/Debug/opt.lib and object C:/Users/skinny/projects/lightspark/llvm/lib/Debug/opt.exp
         opt.vcxproj -> C:\Users\skinny\projects\lightspark\llvm\bin\Debug\opt.exe
       FinalizeBuildStatus:
         Deleting file "opt.dir\Debug\opt.unsuccessfulbuild".
         Touching "opt.dir\Debug\opt.lastbuildstate".
     1>Done Building Project "C:\Users\skinny\projects\lightspark\llvm\tools\opt\opt.vcxproj" (build target(s)).

Build succeeded.

Time Elapsed 00:01:58.55
