Build started 7/26/2010 1:39:56 PM.
     1>Project "C:\Users\skinny\projects\lightspark\llvm\tools\llc\llc.vcxproj" on node 3 (build target(s)).
     1>InitializeBuildStatus:
         Touching "llc.dir\Debug\llc.unsuccessfulbuild".
       CustomBuild:
         All outputs are up-to-date.
       ClCompile:
         All outputs are up-to-date.
       ManifestResourceCompile:
         All outputs are up-to-date.
       Link:
         C:\Program Files\Microsoft Visual Studio 10.0\VC\bin\link.exe /ERRORREPORT:PROMPT /OUT:"C:\Users\skinny\projects\lightspark\llvm\bin\Debug\llc.exe" /VERSION:"0.0" /INCREMENTAL /NOLOGO kernel32.lib user32.lib gdi32.lib winspool.lib shell32.lib ole32.lib oleaut32.lib uuid.lib comdlg32.lib advapi32.lib ..\..\lib\Debug\LLVMX86AsmPrinter.lib ..\..\lib\Debug\LLVMX86AsmParser.lib ..\..\lib\Debug\LLVMX86Disassembler.lib ..\..\lib\Debug\LLVMBitReader.lib ..\..\lib\Debug\LLVMAsmParser.lib ..\..\lib\Debug\LLVMX86CodeGen.lib ..\..\lib\Debug\LLVMMCParser.lib ..\..\lib\Debug\LLVMSelectionDAG.lib ..\..\lib\Debug\LLVMX86Info.lib ..\..\lib\Debug\LLVMAsmPrinter.lib ..\..\lib\Debug\LLVMCodeGen.lib ..\..\lib\Debug\LLVMScalarOpts.lib ..\..\lib\Debug\LLVMInstCombine.lib ..\..\lib\Debug\LLVMTransformUtils.lib ..\..\lib\Debug\LLVMipa.lib ..\..\lib\Debug\LLVMAnalysis.lib ..\..\lib\Debug\LLVMTarget.lib ..\..\lib\Debug\LLVMCore.lib ..\..\lib\Debug\LLVMMC.lib ..\..\lib\Debug\LLVMSupport.lib ..\..\lib\Debug\LLVMSystem.lib /MANIFEST /ManifestFile:"llc.dir\Debug\llc.exe.intermediate.manifest" /MANIFESTUAC:"level='asInvoker' uiAccess='false'" /DEBUG /PDB:"C:\Users\skinny\projects\lightspark\llvm\bin\Debug\llc.pdb" /SUBSYSTEM:CONSOLE /STACK:"10000000" /TLBID:1 /DYNAMICBASE /NXCOMPAT /IMPLIB:"C:/Users/skinny/projects/lightspark/llvm/lib/Debug/llc.lib" /MACHINE:X86 llc.dir\Debug\llc.exe.embed.manifest.res
         llc.dir\Debug\llc.obj  /machine:X86 /debug 
            Creating library C:/Users/skinny/projects/lightspark/llvm/lib/Debug/llc.lib and object C:/Users/skinny/projects/lightspark/llvm/lib/Debug/llc.exp
       Manifest:
         C:\Program Files\Microsoft SDKs\Windows\v7.0A\bin\mt.exe /nologo /verbose /out:"llc.dir\Debug\llc.exe.embed.manifest" /manifest llc.dir\Debug\llc.exe.intermediate.manifest
         C:\Program Files\Microsoft SDKs\Windows\v7.0A\bin\rc.exe /nologo /fo"llc.dir\Debug\llc.exe.embed.manifest.res" llc.dir\Debug\llc_manifest.rc 
       LinkEmbedManifest:
         C:\Program Files\Microsoft Visual Studio 10.0\VC\bin\link.exe /ERRORREPORT:PROMPT /OUT:"C:\Users\skinny\projects\lightspark\llvm\bin\Debug\llc.exe" /VERSION:"0.0" /INCREMENTAL /NOLOGO kernel32.lib user32.lib gdi32.lib winspool.lib shell32.lib ole32.lib oleaut32.lib uuid.lib comdlg32.lib advapi32.lib ..\..\lib\Debug\LLVMX86AsmPrinter.lib ..\..\lib\Debug\LLVMX86AsmParser.lib ..\..\lib\Debug\LLVMX86Disassembler.lib ..\..\lib\Debug\LLVMBitReader.lib ..\..\lib\Debug\LLVMAsmParser.lib ..\..\lib\Debug\LLVMX86CodeGen.lib ..\..\lib\Debug\LLVMMCParser.lib ..\..\lib\Debug\LLVMSelectionDAG.lib ..\..\lib\Debug\LLVMX86Info.lib ..\..\lib\Debug\LLVMAsmPrinter.lib ..\..\lib\Debug\LLVMCodeGen.lib ..\..\lib\Debug\LLVMScalarOpts.lib ..\..\lib\Debug\LLVMInstCombine.lib ..\..\lib\Debug\LLVMTransformUtils.lib ..\..\lib\Debug\LLVMipa.lib ..\..\lib\Debug\LLVMAnalysis.lib ..\..\lib\Debug\LLVMTarget.lib ..\..\lib\Debug\LLVMCore.lib ..\..\lib\Debug\LLVMMC.lib ..\..\lib\Debug\LLVMSupport.lib ..\..\lib\Debug\LLVMSystem.lib /MANIFEST /ManifestFile:"llc.dir\Debug\llc.exe.intermediate.manifest" /MANIFESTUAC:"level='asInvoker' uiAccess='false'" /DEBUG /PDB:"C:\Users\skinny\projects\lightspark\llvm\bin\Debug\llc.pdb" /SUBSYSTEM:CONSOLE /STACK:"10000000" /TLBID:1 /DYNAMICBASE /NXCOMPAT /IMPLIB:"C:/Users/skinny/projects/lightspark/llvm/lib/Debug/llc.lib" /MACHINE:X86 llc.dir\Debug\llc.exe.embed.manifest.res
         llc.dir\Debug\llc.obj  /machine:X86 /debug 
            Creating library C:/Users/skinny/projects/lightspark/llvm/lib/Debug/llc.lib and object C:/Users/skinny/projects/lightspark/llvm/lib/Debug/llc.exp
         llc.vcxproj -> C:\Users\skinny\projects\lightspark\llvm\bin\Debug\llc.exe
       FinalizeBuildStatus:
         Deleting file "llc.dir\Debug\llc.unsuccessfulbuild".
         Touching "llc.dir\Debug\llc.lastbuildstate".
     1>Done Building Project "C:\Users\skinny\projects\lightspark\llvm\tools\llc\llc.vcxproj" (build target(s)).

Build succeeded.

Time Elapsed 00:01:08.34
