Build started 7/26/2010 1:15:02 PM.
     1>Project "C:\Users\skinny\projects\lightspark\llvm\lib\Archive\LLVMArchive.vcxproj" on node 3 (build target(s)).
     1>InitializeBuildStatus:
         Creating "LLVMArchive.dir\Debug\LLVMArchive.unsuccessfulbuild" because "AlwaysCreate" was specified.
       CustomBuild:
         Building Custom Rule C:/Users/skinny/projects/lightspark/llvm/lib/Archive/CMakeLists.txt
         CMake does not need to re-run because C:\Users\skinny\projects\lightspark\llvm\lib\Archive\CMakeFiles\generate.stamp is up-to-date.
       ClCompile:
         C:\Program Files\Microsoft Visual Studio 10.0\VC\bin\CL.exe /c /IC:/Users/skinny/projects/lightspark/llvm/include /Zi /nologo /W3 /WX- /Od /Ob0 /Oy- /D WIN32 /D _WINDOWS /D _DEBUG /D __STDC_LIMIT_MACROS /D __STDC_CONSTANT_MACROS /D _CRT_SECURE_NO_DEPRECATE /D _CRT_SECURE_NO_WARNINGS /D _SCL_SECURE_NO_WARNINGS /D CRT_NONSTDC_NO_WARNINGS /D _SCL_SECURE_NO_DEPRECATE /D "CMAKE_INTDIR=\"Debug\"" /D _MBCS /Gm- /EHsc /RTC1 /MDd /GS /fp:precise /Zc:wchar_t /Zc:forScope /GR /Fo"LLVMArchive.dir\Debug\\" /Fd"C:/Users/skinny/projects/lightspark/llvm/lib/Debug/LLVMArchive.pdb" /Gd /TP /wd4146 /wd4503 /wd4996 /wd4800 /wd4244 /wd4624 /wd4355 /wd4715 /wd4180 /wd4345 /wd4224 /wd4351 /analyze- /errorReport:prompt Archive.cpp ArchiveReader.cpp ArchiveWriter.cpp  /Zm1000 
         Archive.cpp
         ArchiveReader.cpp
         ArchiveWriter.cpp
         Generating Code...
       Lib:
         C:\Program Files\Microsoft Visual Studio 10.0\VC\bin\Lib.exe /OUT:"C:\Users\skinny\projects\lightspark\llvm\lib\Debug\LLVMArchive.lib" /NOLOGO LLVMArchive.dir\Debug\Archive.obj
         LLVMArchive.dir\Debug\ArchiveReader.obj
         LLVMArchive.dir\Debug\ArchiveWriter.obj
         LLVMArchive.vcxproj -> C:\Users\skinny\projects\lightspark\llvm\lib\Debug\LLVMArchive.lib
       FinalizeBuildStatus:
         Deleting file "LLVMArchive.dir\Debug\LLVMArchive.unsuccessfulbuild".
         Touching "LLVMArchive.dir\Debug\LLVMArchive.lastbuildstate".
     1>Done Building Project "C:\Users\skinny\projects\lightspark\llvm\lib\Archive\LLVMArchive.vcxproj" (build target(s)).

Build succeeded.

Time Elapsed 00:00:04.12
