Build started 7/26/2010 1:28:19 PM.
     1>Project "C:\Users\skinny\projects\lightspark\llvm\tools\llvm-ld\llvm-ld.vcxproj" on node 2 (build target(s)).
     1>InitializeBuildStatus:
         Touching "llvm-ld.dir\Debug\llvm-ld.unsuccessfulbuild".
       CustomBuild:
         All outputs are up-to-date.
       ClCompile:
         All outputs are up-to-date.
       ManifestResourceCompile:
         All outputs are up-to-date.
       Link:
         C:\Program Files\Microsoft Visual Studio 10.0\VC\bin\link.exe /ERRORREPORT:PROMPT /OUT:"C:\Users\skinny\projects\lightspark\llvm\bin\Debug\llvm-ld.exe" /VERSION:"0.0" /INCREMENTAL /NOLOGO kernel32.lib user32.lib gdi32.lib winspool.lib shell32.lib ole32.lib oleaut32.lib uuid.lib comdlg32.lib advapi32.lib ..\..\lib\Debug\LLVMipo.lib ..\..\lib\Debug\LLVMScalarOpts.lib ..\..\lib\Debug\LLVMLinker.lib ..\..\lib\Debug\LLVMBitWriter.lib ..\..\lib\Debug\LLVMInstCombine.lib ..\..\lib\Debug\LLVMArchive.lib ..\..\lib\Debug\LLVMTransformUtils.lib ..\..\lib\Debug\LLVMBitReader.lib ..\..\lib\Debug\LLVMipa.lib ..\..\lib\Debug\LLVMAnalysis.lib ..\..\lib\Debug\LLVMTarget.lib ..\..\lib\Debug\LLVMCore.lib ..\..\lib\Debug\LLVMMC.lib ..\..\lib\Debug\LLVMSupport.lib ..\..\lib\Debug\LLVMSystem.lib /MANIFEST /ManifestFile:"llvm-ld.dir\Debug\llvm-ld.exe.intermediate.manifest" /MANIFESTUAC:"level='asInvoker' uiAccess='false'" /DEBUG /PDB:"C:\Users\skinny\projects\lightspark\llvm\bin\Debug\llvm-ld.pdb" /SUBSYSTEM:CONSOLE /STACK:"10000000" /TLBID:1 /DYNAMICBASE /NXCOMPAT /IMPLIB:"C:/Users/skinny/projects/lightspark/llvm/lib/Debug/llvm-ld.lib" /MACHINE:X86 "llvm-ld.dir\Debug\llvm-ld.exe.embed.manifest.res"
         "llvm-ld.dir\Debug\Optimize.obj"
         "llvm-ld.dir\Debug\llvm-ld.obj"  /machine:X86 /debug 
            Creating library C:/Users/skinny/projects/lightspark/llvm/lib/Debug/llvm-ld.lib and object C:/Users/skinny/projects/lightspark/llvm/lib/Debug/llvm-ld.exp
       Manifest:
         C:\Program Files\Microsoft SDKs\Windows\v7.0A\bin\mt.exe /nologo /verbose /out:"llvm-ld.dir\Debug\llvm-ld.exe.embed.manifest" /manifest "llvm-ld.dir\Debug\llvm-ld.exe.intermediate.manifest"
         C:\Program Files\Microsoft SDKs\Windows\v7.0A\bin\rc.exe /nologo /fo"llvm-ld.dir\Debug\llvm-ld.exe.embed.manifest.res" llvm-ld.dir\Debug\llvm-ld_manifest.rc 
       LinkEmbedManifest:
         C:\Program Files\Microsoft Visual Studio 10.0\VC\bin\link.exe /ERRORREPORT:PROMPT /OUT:"C:\Users\skinny\projects\lightspark\llvm\bin\Debug\llvm-ld.exe" /VERSION:"0.0" /INCREMENTAL /NOLOGO kernel32.lib user32.lib gdi32.lib winspool.lib shell32.lib ole32.lib oleaut32.lib uuid.lib comdlg32.lib advapi32.lib ..\..\lib\Debug\LLVMipo.lib ..\..\lib\Debug\LLVMScalarOpts.lib ..\..\lib\Debug\LLVMLinker.lib ..\..\lib\Debug\LLVMBitWriter.lib ..\..\lib\Debug\LLVMInstCombine.lib ..\..\lib\Debug\LLVMArchive.lib ..\..\lib\Debug\LLVMTransformUtils.lib ..\..\lib\Debug\LLVMBitReader.lib ..\..\lib\Debug\LLVMipa.lib ..\..\lib\Debug\LLVMAnalysis.lib ..\..\lib\Debug\LLVMTarget.lib ..\..\lib\Debug\LLVMCore.lib ..\..\lib\Debug\LLVMMC.lib ..\..\lib\Debug\LLVMSupport.lib ..\..\lib\Debug\LLVMSystem.lib /MANIFEST /ManifestFile:"llvm-ld.dir\Debug\llvm-ld.exe.intermediate.manifest" /MANIFESTUAC:"level='asInvoker' uiAccess='false'" /DEBUG /PDB:"C:\Users\skinny\projects\lightspark\llvm\bin\Debug\llvm-ld.pdb" /SUBSYSTEM:CONSOLE /STACK:"10000000" /TLBID:1 /DYNAMICBASE /NXCOMPAT /IMPLIB:"C:/Users/skinny/projects/lightspark/llvm/lib/Debug/llvm-ld.lib" /MACHINE:X86 "llvm-ld.dir\Debug\llvm-ld.exe.embed.manifest.res"
         "llvm-ld.dir\Debug\Optimize.obj"
         "llvm-ld.dir\Debug\llvm-ld.obj"  /machine:X86 /debug 
            Creating library C:/Users/skinny/projects/lightspark/llvm/lib/Debug/llvm-ld.lib and object C:/Users/skinny/projects/lightspark/llvm/lib/Debug/llvm-ld.exp
         llvm-ld.vcxproj -> C:\Users\skinny\projects\lightspark\llvm\bin\Debug\llvm-ld.exe
       FinalizeBuildStatus:
         Deleting file "llvm-ld.dir\Debug\llvm-ld.unsuccessfulbuild".
         Touching "llvm-ld.dir\Debug\llvm-ld.lastbuildstate".
     1>Done Building Project "C:\Users\skinny\projects\lightspark\llvm\tools\llvm-ld\llvm-ld.vcxproj" (build target(s)).

Build succeeded.

Time Elapsed 00:00:14.21
