Build started 7/26/2010 1:09:28 PM.
     1>Project "C:\Users\skinny\projects\lightspark\llvm\lib\System\LLVMSystem.vcxproj" on node 3 (build target(s)).
     1>PrepareForBuild:
         Creating directory "C:\Users\skinny\projects\lightspark\llvm\lib\Debug\".
       InitializeBuildStatus:
         Creating "LLVMSystem.dir\Debug\LLVMSystem.unsuccessfulbuild" because "AlwaysCreate" was specified.
       CustomBuild:
         Building Custom Rule C:/Users/skinny/projects/lightspark/llvm/lib/System/CMakeLists.txt
         CMake does not need to re-run because C:\Users\skinny\projects\lightspark\llvm\lib\System\CMakeFiles\generate.stamp is up-to-date.
       ClCompile:
         C:\Program Files\Microsoft Visual Studio 10.0\VC\bin\CL.exe /c /IC:/Users/skinny/projects/lightspark/llvm/include /Zi /nologo /W3 /WX- /Od /Ob0 /Oy- /D WIN32 /D _WINDOWS /D _DEBUG /D __STDC_LIMIT_MACROS /D __STDC_CONSTANT_MACROS /D _CRT_SECURE_NO_DEPRECATE /D _CRT_SECURE_NO_WARNINGS /D _SCL_SECURE_NO_WARNINGS /D CRT_NONSTDC_NO_WARNINGS /D _SCL_SECURE_NO_DEPRECATE /D "CMAKE_INTDIR=\"Debug\"" /D _MBCS /Gm- /EHsc /RTC1 /MDd /GS /fp:precise /Zc:wchar_t /Zc:forScope /GR /Fo"LLVMSystem.dir\Debug\\" /Fd"C:/Users/skinny/projects/lightspark/llvm/lib/Debug/LLVMSystem.pdb" /Gd /TP /wd4146 /wd4503 /wd4996 /wd4800 /wd4244 /wd4624 /wd4355 /wd4715 /wd4180 /wd4345 /wd4224 /wd4351 /analyze- /errorReport:prompt Alarm.cpp Atomic.cpp Disassembler.cpp DynamicLibrary.cpp Errno.cpp Host.cpp IncludeFile.cpp Memory.cpp Mutex.cpp Path.cpp Process.cpp Program.cpp RWMutex.cpp Signals.cpp ThreadLocal.cpp Threading.cpp TimeValue.cpp  /Zm1000 
         Alarm.cpp
         Atomic.cpp
         Disassembler.cpp
         DynamicLibrary.cpp
         Errno.cpp
         Host.cpp
         IncludeFile.cpp
         Memory.cpp
         Mutex.cpp
         Path.cpp
         Process.cpp
         Program.cpp
         RWMutex.cpp
         Signals.cpp
         ThreadLocal.cpp
         Threading.cpp
         TimeValue.cpp
         Generating Code...
       Lib:
         C:\Program Files\Microsoft Visual Studio 10.0\VC\bin\Lib.exe /OUT:"C:\Users\skinny\projects\lightspark\llvm\lib\Debug\LLVMSystem.lib" /NOLOGO LLVMSystem.dir\Debug\Alarm.obj
         LLVMSystem.dir\Debug\Atomic.obj
         LLVMSystem.dir\Debug\Disassembler.obj
         LLVMSystem.dir\Debug\DynamicLibrary.obj
         LLVMSystem.dir\Debug\Errno.obj
         LLVMSystem.dir\Debug\Host.obj
         LLVMSystem.dir\Debug\IncludeFile.obj
         LLVMSystem.dir\Debug\Memory.obj
         LLVMSystem.dir\Debug\Mutex.obj
         LLVMSystem.dir\Debug\Path.obj
         LLVMSystem.dir\Debug\Process.obj
         LLVMSystem.dir\Debug\Program.obj
         LLVMSystem.dir\Debug\RWMutex.obj
         LLVMSystem.dir\Debug\Signals.obj
         LLVMSystem.dir\Debug\ThreadLocal.obj
         LLVMSystem.dir\Debug\Threading.obj
         LLVMSystem.dir\Debug\TimeValue.obj
         LLVMSystem.vcxproj -> C:\Users\skinny\projects\lightspark\llvm\lib\Debug\LLVMSystem.lib
       FinalizeBuildStatus:
         Deleting file "LLVMSystem.dir\Debug\LLVMSystem.unsuccessfulbuild".
         Touching "LLVMSystem.dir\Debug\LLVMSystem.lastbuildstate".
     1>Done Building Project "C:\Users\skinny\projects\lightspark\llvm\lib\System\LLVMSystem.vcxproj" (build target(s)).

Build succeeded.

Time Elapsed 00:00:10.29
