Build started 7/26/2010 1:09:27 PM.
     1>Project "C:\Users\skinny\projects\lightspark\llvm\ZERO_CHECK.vcxproj" on node 2 (build target(s)).
     1>InitializeBuildStatus:
         Creating "Debug\ZERO_CHECK.unsuccessfulbuild" because "AlwaysCreate" was specified.
       CustomBuild:
         Checking Build System
         CMake does not need to re-run because C:/Users/skinny/projects/lightspark/llvm/CMakeFiles/generate.stamp is up-to-date.
         CMake does not need to re-run because C:/Users/skinny/projects/lightspark/llvm/lib/Support/CMakeFiles/generate.stamp is up-to-date.
         CMake does not need to re-run because C:/Users/skinny/projects/lightspark/llvm/lib/System/CMakeFiles/generate.stamp is up-to-date.
         CMake does not need to re-run because C:/Users/skinny/projects/lightspark/llvm/utils/TableGen/CMakeFiles/generate.stamp is up-to-date.
         CMake does not need to re-run because C:/Users/skinny/projects/lightspark/llvm/include/llvm/CMakeFiles/generate.stamp is up-to-date.
         CMake does not need to re-run because C:/Users/skinny/projects/lightspark/llvm/lib/VMCore/CMakeFiles/generate.stamp is up-to-date.
         CMake does not need to re-run because C:/Users/skinny/projects/lightspark/llvm/lib/CodeGen/CMakeFiles/generate.stamp is up-to-date.
         CMake does not need to re-run because C:/Users/skinny/projects/lightspark/llvm/lib/CodeGen/SelectionDAG/CMakeFiles/generate.stamp is up-to-date.
         CMake does not need to re-run because C:/Users/skinny/projects/lightspark/llvm/lib/CodeGen/AsmPrinter/CMakeFiles/generate.stamp is up-to-date.
         CMake does not need to re-run because C:/Users/skinny/projects/lightspark/llvm/lib/Bitcode/Reader/CMakeFiles/generate.stamp is up-to-date.
         CMake does not need to re-run because C:/Users/skinny/projects/lightspark/llvm/lib/Bitcode/Writer/CMakeFiles/generate.stamp is up-to-date.
         CMake does not need to re-run because C:/Users/skinny/projects/lightspark/llvm/lib/Transforms/Utils/CMakeFiles/generate.stamp is up-to-date.
         CMake does not need to re-run because C:/Users/skinny/projects/lightspark/llvm/lib/Transforms/Instrumentation/CMakeFiles/generate.stamp is up-to-date.
         CMake does not need to re-run because C:/Users/skinny/projects/lightspark/llvm/lib/Transforms/InstCombine/CMakeFiles/generate.stamp is up-to-date.
         CMake does not need to re-run because C:/Users/skinny/projects/lightspark/llvm/lib/Transforms/Scalar/CMakeFiles/generate.stamp is up-to-date.
         CMake does not need to re-run because C:/Users/skinny/projects/lightspark/llvm/lib/Transforms/IPO/CMakeFiles/generate.stamp is up-to-date.
         CMake does not need to re-run because C:/Users/skinny/projects/lightspark/llvm/lib/Transforms/Hello/CMakeFiles/generate.stamp is up-to-date.
         CMake does not need to re-run because C:/Users/skinny/projects/lightspark/llvm/lib/Linker/CMakeFiles/generate.stamp is up-to-date.
         CMake does not need to re-run because C:/Users/skinny/projects/lightspark/llvm/lib/Analysis/CMakeFiles/generate.stamp is up-to-date.
         CMake does not need to re-run because C:/Users/skinny/projects/lightspark/llvm/lib/Analysis/IPA/CMakeFiles/generate.stamp is up-to-date.
         CMake does not need to re-run because C:/Users/skinny/projects/lightspark/llvm/lib/MC/CMakeFiles/generate.stamp is up-to-date.
         CMake does not need to re-run because C:/Users/skinny/projects/lightspark/llvm/lib/MC/MCParser/CMakeFiles/generate.stamp is up-to-date.
         CMake does not need to re-run because C:/Users/skinny/projects/lightspark/llvm/test/CMakeFiles/generate.stamp is up-to-date.
         CMake does not need to re-run because C:/Users/skinny/projects/lightspark/llvm/utils/FileCheck/CMakeFiles/generate.stamp is up-to-date.
         CMake does not need to re-run because C:/Users/skinny/projects/lightspark/llvm/utils/count/CMakeFiles/generate.stamp is up-to-date.
         CMake does not need to re-run because C:/Users/skinny/projects/lightspark/llvm/utils/not/CMakeFiles/generate.stamp is up-to-date.
         CMake does not need to re-run because C:/Users/skinny/projects/lightspark/llvm/lib/Target/X86/CMakeFiles/generate.stamp is up-to-date.
         CMake does not need to re-run because C:/Users/skinny/projects/lightspark/llvm/lib/Target/X86/TargetInfo/CMakeFiles/generate.stamp is up-to-date.
         CMake does not need to re-run because C:/Users/skinny/projects/lightspark/llvm/lib/Target/X86/AsmPrinter/CMakeFiles/generate.stamp is up-to-date.
         CMake does not need to re-run because C:/Users/skinny/projects/lightspark/llvm/lib/Target/X86/AsmParser/CMakeFiles/generate.stamp is up-to-date.
         CMake does not need to re-run because C:/Users/skinny/projects/lightspark/llvm/lib/Target/X86/Disassembler/CMakeFiles/generate.stamp is up-to-date.
         CMake does not need to re-run because C:/Users/skinny/projects/lightspark/llvm/lib/ExecutionEngine/CMakeFiles/generate.stamp is up-to-date.
         CMake does not need to re-run because C:/Users/skinny/projects/lightspark/llvm/lib/ExecutionEngine/Interpreter/CMakeFiles/generate.stamp is up-to-date.
         CMake does not need to re-run because C:/Users/skinny/projects/lightspark/llvm/lib/ExecutionEngine/JIT/CMakeFiles/generate.stamp is up-to-date.
         CMake does not need to re-run because C:/Users/skinny/projects/lightspark/llvm/lib/Target/CMakeFiles/generate.stamp is up-to-date.
         CMake does not need to re-run because C:/Users/skinny/projects/lightspark/llvm/lib/AsmParser/CMakeFiles/generate.stamp is up-to-date.
         CMake does not need to re-run because C:/Users/skinny/projects/lightspark/llvm/lib/Archive/CMakeFiles/generate.stamp is up-to-date.
         CMake does not need to re-run because C:/Users/skinny/projects/lightspark/llvm/projects/CMakeFiles/generate.stamp is up-to-date.
         CMake does not need to re-run because C:/Users/skinny/projects/lightspark/llvm/tools/CMakeFiles/generate.stamp is up-to-date.
         CMake does not need to re-run because C:/Users/skinny/projects/lightspark/llvm/tools/opt/CMakeFiles/generate.stamp is up-to-date.
         CMake does not need to re-run because C:/Users/skinny/projects/lightspark/llvm/tools/llvm-as/CMakeFiles/generate.stamp is up-to-date.
         CMake does not need to re-run because C:/Users/skinny/projects/lightspark/llvm/tools/llvm-dis/CMakeFiles/generate.stamp is up-to-date.
         CMake does not need to re-run because C:/Users/skinny/projects/lightspark/llvm/tools/llvm-mc/CMakeFiles/generate.stamp is up-to-date.
         CMake does not need to re-run because C:/Users/skinny/projects/lightspark/llvm/tools/llc/CMakeFiles/generate.stamp is up-to-date.
         CMake does not need to re-run because C:/Users/skinny/projects/lightspark/llvm/tools/llvm-ranlib/CMakeFiles/generate.stamp is up-to-date.
         CMake does not need to re-run because C:/Users/skinny/projects/lightspark/llvm/tools/llvm-ar/CMakeFiles/generate.stamp is up-to-date.
         CMake does not need to re-run because C:/Users/skinny/projects/lightspark/llvm/tools/llvm-nm/CMakeFiles/generate.stamp is up-to-date.
         CMake does not need to re-run because C:/Users/skinny/projects/lightspark/llvm/tools/llvm-ld/CMakeFiles/generate.stamp is up-to-date.
         CMake does not need to re-run because C:/Users/skinny/projects/lightspark/llvm/tools/llvm-prof/CMakeFiles/generate.stamp is up-to-date.
         CMake does not need to re-run because C:/Users/skinny/projects/lightspark/llvm/tools/llvm-link/CMakeFiles/generate.stamp is up-to-date.
         CMake does not need to re-run because C:/Users/skinny/projects/lightspark/llvm/tools/lli/CMakeFiles/generate.stamp is up-to-date.
         CMake does not need to re-run because C:/Users/skinny/projects/lightspark/llvm/tools/llvm-extract/CMakeFiles/generate.stamp is up-to-date.
         CMake does not need to re-run because C:/Users/skinny/projects/lightspark/llvm/tools/bugpoint/CMakeFiles/generate.stamp is up-to-date.
         CMake does not need to re-run because C:/Users/skinny/projects/lightspark/llvm/tools/llvm-bcanalyzer/CMakeFiles/generate.stamp is up-to-date.
         CMake does not need to re-run because C:/Users/skinny/projects/lightspark/llvm/tools/llvm-stub/CMakeFiles/generate.stamp is up-to-date.
         CMake does not need to re-run because C:/Users/skinny/projects/lightspark/llvm/tools/llvmc/CMakeFiles/generate.stamp is up-to-date.
         CMake does not need to re-run because C:/Users/skinny/projects/lightspark/llvm/examples/CMakeFiles/generate.stamp is up-to-date.
         CMake does not need to re-run because C:/Users/skinny/projects/lightspark/llvm/examples/BrainF/CMakeFiles/generate.stamp is up-to-date.
         CMake does not need to re-run because C:/Users/skinny/projects/lightspark/llvm/examples/Fibonacci/CMakeFiles/generate.stamp is up-to-date.
         CMake does not need to re-run because C:/Users/skinny/projects/lightspark/llvm/examples/HowToUseJIT/CMakeFiles/generate.stamp is up-to-date.
         CMake does not need to re-run because C:/Users/skinny/projects/lightspark/llvm/examples/Kaleidoscope/CMakeFiles/generate.stamp is up-to-date.
         CMake does not need to re-run because C:/Users/skinny/projects/lightspark/llvm/examples/Kaleidoscope/Chapter2/CMakeFiles/generate.stamp is up-to-date.
         CMake does not need to re-run because C:/Users/skinny/projects/lightspark/llvm/examples/Kaleidoscope/Chapter3/CMakeFiles/generate.stamp is up-to-date.
         CMake does not need to re-run because C:/Users/skinny/projects/lightspark/llvm/examples/Kaleidoscope/Chapter4/CMakeFiles/generate.stamp is up-to-date.
         CMake does not need to re-run because C:/Users/skinny/projects/lightspark/llvm/examples/Kaleidoscope/Chapter5/CMakeFiles/generate.stamp is up-to-date.
         CMake does not need to re-run because C:/Users/skinny/projects/lightspark/llvm/examples/Kaleidoscope/Chapter6/CMakeFiles/generate.stamp is up-to-date.
         CMake does not need to re-run because C:/Users/skinny/projects/lightspark/llvm/examples/Kaleidoscope/Chapter7/CMakeFiles/generate.stamp is up-to-date.
         CMake does not need to re-run because C:/Users/skinny/projects/lightspark/llvm/examples/ModuleMaker/CMakeFiles/generate.stamp is up-to-date.
       FinalizeBuildStatus:
         Deleting file "Debug\ZERO_CHECK.unsuccessfulbuild".
         Touching "Debug\ZERO_CHECK.lastbuildstate".
     1>Done Building Project "C:\Users\skinny\projects\lightspark\llvm\ZERO_CHECK.vcxproj" (build target(s)).

Build succeeded.

Time Elapsed 00:00:00.85
